[ 2018-04-12T16:29:42+08:00 ] ::1 /thinkphp_3.2.3_full/
INFO: [ app_init ] --START--
INFO: Run Behavior\BuildLiteBehavior [ RunTime:0.000000s ]
INFO: [ app_init ] --END-- [ RunTime:0.000000s ]
INFO: [ app_begin ] --START--
INFO: Run Behavior\ReadHtmlCacheBehavior [ RunTime:0.001000s ]
INFO: [ app_begin ] --END-- [ RunTime:0.001000s ]
SQL: SHOW COLUMNS FROM `dt_package` [ RunTime:0.0100s ]
SQL: SELECT * FROM `dt_package`  [ RunTime:0.0010s ]
INFO: [ view_parse ] --START--
INFO: [ template_filter ] --START--
INFO: Run Behavior\ContentReplaceBehavior [ RunTime:0.000000s ]
INFO: [ template_filter ] --END-- [ RunTime:0.000000s ]
INFO: Run Behavior\ParseTemplateBehavior [ RunTime:0.046002s ]
INFO: [ view_parse ] --END-- [ RunTime:0.046002s ]
INFO: [ view_filter ] --START--
INFO: Run Behavior\WriteHtmlCacheBehavior [ RunTime:0.002001s ]
INFO: [ view_filter ] --END-- [ RunTime:0.002001s ]
INFO: [ app_end ] --START--
INFO: Run Behavior\ShowPageTraceBehavior [ RunTime:0.002000s ]
INFO: [ app_end ] --END-- [ RunTime:0.002000s ]

[ 2018-04-12T16:37:41+08:00 ] ::1 /thinkphp_3.2.3_full/
INFO: [ app_init ] --START--
INFO: Run Behavior\BuildLiteBehavior [ RunTime:0.000000s ]
INFO: [ app_init ] --END-- [ RunTime:0.001000s ]
INFO: [ app_begin ] --START--
INFO: Run Behavior\ReadHtmlCacheBehavior [ RunTime:0.004000s ]
INFO: [ app_begin ] --END-- [ RunTime:0.004000s ]
SQL: SHOW COLUMNS FROM `dt_package` [ RunTime:0.0340s ]
SQL: SELECT * FROM `dt_package`  [ RunTime:0.0010s ]
INFO: [ view_parse ] --START--
INFO: [ template_filter ] --START--
INFO: Run Behavior\ContentReplaceBehavior [ RunTime:0.000000s ]
INFO: [ template_filter ] --END-- [ RunTime:0.000000s ]
INFO: Run Behavior\ParseTemplateBehavior [ RunTime:0.013000s ]
INFO: [ view_parse ] --END-- [ RunTime:0.013000s ]
INFO: [ view_filter ] --START--
INFO: Run Behavior\WriteHtmlCacheBehavior [ RunTime:0.001001s ]
INFO: [ view_filter ] --END-- [ RunTime:0.001001s ]
INFO: [ app_end ] --START--
INFO: Run Behavior\ShowPageTraceBehavior [ RunTime:0.002000s ]
INFO: [ app_end ] --END-- [ RunTime:0.002000s ]

[ 2018-04-12T16:37:50+08:00 ] ::1 /thinkphp_3.2.3_full/index.php/Home/Index/rz
INFO: [ app_init ] --START--
INFO: Run Behavior\BuildLiteBehavior [ RunTime:0.000000s ]
INFO: [ app_init ] --END-- [ RunTime:0.000000s ]
INFO: [ app_begin ] --START--
INFO: Run Behavior\ReadHtmlCacheBehavior [ RunTime:0.002000s ]
INFO: [ app_begin ] --END-- [ RunTime:0.002000s ]
SQL: SHOW COLUMNS FROM `dt_package` [ RunTime:0.0060s ]
SQL: SELECT * FROM `dt_package` WHERE `package_officialid` = 45644 LIMIT 1   [ RunTime:0.0000s ]

[ 2018-04-12T16:37:59+08:00 ] ::1 /thinkphp_3.2.3_full/index.php/Home/Index/Add
INFO: [ app_init ] --START--
INFO: Run Behavior\BuildLiteBehavior [ RunTime:0.000000s ]
INFO: [ app_init ] --END-- [ RunTime:0.001000s ]
INFO: [ app_begin ] --START--
INFO: Run Behavior\ReadHtmlCacheBehavior [ RunTime:0.003000s ]
INFO: [ app_begin ] --END-- [ RunTime:0.003000s ]
SQL: SHOW COLUMNS FROM `dt_terminal` [ RunTime:0.0070s ]
SQL: SELECT * FROM `dt_terminal`  [ RunTime:0.0010s ]
NOTIC: [8] Undefined index: package_officialid F:\Apache24\www\thinkphp_3.2.3_full\Application\Home\Controller\IndexController.class.php 第 20 行.
NOTIC: [8] Undefined index: validate F:\Apache24\www\thinkphp_3.2.3_full\ThinkPHP\Library\Think\Model.class.php 第 1185 行.
NOTIC: [8] Undefined index: auto F:\Apache24\www\thinkphp_3.2.3_full\ThinkPHP\Library\Think\Model.class.php 第 1128 行.
SQL: INSERT INTO `dt_terminal` (`terminal_username`,`terminal_phone`) VALUES ('546456','13154623125') [ RunTime:0.0630s ]
SQL: SHOW COLUMNS FROM `dt_package` [ RunTime:0.0060s ]
NOTIC: [8] Undefined index: validate F:\Apache24\www\thinkphp_3.2.3_full\ThinkPHP\Library\Think\Model.class.php 第 1185 行.
NOTIC: [8] Undefined index: auto F:\Apache24\www\thinkphp_3.2.3_full\ThinkPHP\Library\Think\Model.class.php 第 1128 行.
SQL: INSERT INTO `dt_package` (`package_officialid`,`package_name`) VALUES ('45644','10G套餐') [ RunTime:0.0010s ]
SQL: SHOW COLUMNS FROM `dt_certification` [ RunTime:0.0060s ]
SQL: SELECT * FROM `dt_terminal`  [ RunTime:0.0010s ]
NOTIC: [2] Invalid argument supplied for foreach() F:\Apache24\www\thinkphp_3.2.3_full\ThinkPHP\Library\Think\Model.class.php 第 267 行.
NOTIC: [2] Invalid argument supplied for foreach() F:\Apache24\www\thinkphp_3.2.3_full\ThinkPHP\Library\Think\Db\Driver.class.php 第 372 行.
NOTIC: [8] Undefined variable: set F:\Apache24\www\thinkphp_3.2.3_full\ThinkPHP\Library\Think\Db\Driver.class.php 第 387 行.
NOTIC: [2] implode(): Invalid arguments passed F:\Apache24\www\thinkphp_3.2.3_full\ThinkPHP\Library\Think\Db\Driver.class.php 第 387 行.
ERR: 1064:You have an error in your SQL syntax; check the manual that corresponds to your MySQL server version for the right syntax to use near 'WHERE ( certification_id = 21 )' at line 1
 [ SQL语句 ] : UPDATE `dt_certification` SET  WHERE ( certification_id = 21 )
ERR: 1064:You have an error in your SQL syntax; check the manual that corresponds to your MySQL server version for the right syntax to use near 'WHERE ( certification_id = 21 )' at line 1
 [ SQL语句 ] : UPDATE `dt_certification` SET  WHERE ( certification_id = 21 )

[ 2018-04-12T16:46:47+08:00 ] ::1 /thinkphp_3.2.3_full/index.php/Home/Index/Add
INFO: [ app_init ] --START--
INFO: Run Behavior\BuildLiteBehavior [ RunTime:0.000000s ]
INFO: [ app_init ] --END-- [ RunTime:0.000000s ]
INFO: [ app_begin ] --START--
INFO: Run Behavior\ReadHtmlCacheBehavior [ RunTime:0.003000s ]
INFO: [ app_begin ] --END-- [ RunTime:0.004000s ]
NOTIC: [8] Undefined index: package_officialid F:\Apache24\www\thinkphp_3.2.3_full\Application\Home\Controller\IndexController.class.php 第 12 行.
NOTIC: [8] Undefined index: terminal_username F:\Apache24\www\thinkphp_3.2.3_full\Application\Home\Controller\IndexController.class.php 第 13 行.
NOTIC: [8] Undefined index: package_name F:\Apache24\www\thinkphp_3.2.3_full\Application\Home\Controller\IndexController.class.php 第 14 行.
NOTIC: [8] Undefined index: terminal_phone F:\Apache24\www\thinkphp_3.2.3_full\Application\Home\Controller\IndexController.class.php 第 15 行.
SQL: SHOW COLUMNS FROM `dt_terminal` [ RunTime:0.0130s ]
SQL: SELECT * FROM `dt_terminal`  [ RunTime:0.0010s ]
NOTIC: [8] Undefined index: package_officialid F:\Apache24\www\thinkphp_3.2.3_full\Application\Home\Controller\IndexController.class.php 第 20 行.
NOTIC: [8] Undefined index: package_officialid F:\Apache24\www\thinkphp_3.2.3_full\Application\Home\Controller\IndexController.class.php 第 20 行.
INFO: [ view_parse ] --START--
INFO: [ template_filter ] --START--
INFO: Run Behavior\ContentReplaceBehavior [ RunTime:0.000000s ]
INFO: [ template_filter ] --END-- [ RunTime:0.000000s ]
INFO: Run Behavior\ParseTemplateBehavior [ RunTime:0.022001s ]
INFO: [ view_parse ] --END-- [ RunTime:0.022001s ]
INFO: [ view_filter ] --START--
INFO: Run Behavior\WriteHtmlCacheBehavior [ RunTime:0.002001s ]
INFO: [ view_filter ] --END-- [ RunTime:0.002001s ]

[ 2018-04-12T16:46:51+08:00 ] ::1 /thinkphp_3.2.3_full/index.php/Home/Index/Index
INFO: [ app_init ] --START--
INFO: Run Behavior\BuildLiteBehavior [ RunTime:0.000000s ]
INFO: [ app_init ] --END-- [ RunTime:0.001000s ]
INFO: [ app_begin ] --START--
INFO: Run Behavior\ReadHtmlCacheBehavior [ RunTime:0.001000s ]
INFO: [ app_begin ] --END-- [ RunTime:0.001000s ]
SQL: SHOW COLUMNS FROM `dt_package` [ RunTime:0.0070s ]
SQL: SELECT * FROM `dt_package`  [ RunTime:0.0010s ]
INFO: [ view_parse ] --START--
INFO: [ template_filter ] --START--
INFO: Run Behavior\ContentReplaceBehavior [ RunTime:0.000000s ]
INFO: [ template_filter ] --END-- [ RunTime:0.000000s ]
INFO: Run Behavior\ParseTemplateBehavior [ RunTime:0.014000s ]
INFO: [ view_parse ] --END-- [ RunTime:0.015000s ]
INFO: [ view_filter ] --START--
INFO: Run Behavior\WriteHtmlCacheBehavior [ RunTime:0.002001s ]
INFO: [ view_filter ] --END-- [ RunTime:0.002001s ]
INFO: [ app_end ] --START--
INFO: Run Behavior\ShowPageTraceBehavior [ RunTime:0.002000s ]
INFO: [ app_end ] --END-- [ RunTime:0.002000s ]

[ 2018-04-12T16:46:57+08:00 ] ::1 /thinkphp_3.2.3_full/index.php/Home/Index/rz
INFO: [ app_init ] --START--
INFO: Run Behavior\BuildLiteBehavior [ RunTime:0.000000s ]
INFO: [ app_init ] --END-- [ RunTime:0.001000s ]
INFO: [ app_begin ] --START--
INFO: Run Behavior\ReadHtmlCacheBehavior [ RunTime:0.001000s ]
INFO: [ app_begin ] --END-- [ RunTime:0.001000s ]
SQL: SHOW COLUMNS FROM `dt_package` [ RunTime:0.0080s ]
SQL: SELECT * FROM `dt_package` WHERE `package_officialid` = 65756756 LIMIT 1   [ RunTime:0.0000s ]

[ 2018-04-12T16:47:01+08:00 ] ::1 /thinkphp_3.2.3_full/index.php/Home/Index/Add
INFO: [ app_init ] --START--
INFO: Run Behavior\BuildLiteBehavior [ RunTime:0.000000s ]
INFO: [ app_init ] --END-- [ RunTime:0.001001s ]
INFO: [ app_begin ] --START--
INFO: Run Behavior\ReadHtmlCacheBehavior [ RunTime:0.001000s ]
INFO: [ app_begin ] --END-- [ RunTime:0.001000s ]
SQL: SHOW COLUMNS FROM `dt_terminal` [ RunTime:0.0060s ]
SQL: SELECT * FROM `dt_terminal`  [ RunTime:0.0010s ]
NOTIC: [8] Undefined index: package_officialid F:\Apache24\www\thinkphp_3.2.3_full\Application\Home\Controller\IndexController.class.php 第 20 行.
NOTIC: [8] Undefined index: validate F:\Apache24\www\thinkphp_3.2.3_full\ThinkPHP\Library\Think\Model.class.php 第 1185 行.
NOTIC: [8] Undefined index: auto F:\Apache24\www\thinkphp_3.2.3_full\ThinkPHP\Library\Think\Model.class.php 第 1128 行.
SQL: INSERT INTO `dt_terminal` (`terminal_username`,`terminal_phone`) VALUES ('567567','13463512356') [ RunTime:0.0020s ]
SQL: SHOW COLUMNS FROM `dt_package` [ RunTime:0.0070s ]
NOTIC: [8] Undefined index: validate F:\Apache24\www\thinkphp_3.2.3_full\ThinkPHP\Library\Think\Model.class.php 第 1185 行.
NOTIC: [8] Undefined index: auto F:\Apache24\www\thinkphp_3.2.3_full\ThinkPHP\Library\Think\Model.class.php 第 1128 行.
SQL: INSERT INTO `dt_package` (`package_officialid`,`package_name`) VALUES ('65756756','10G套餐') [ RunTime:0.0010s ]
SQL: SHOW COLUMNS FROM `dt_certification` [ RunTime:0.0080s ]
ERR: 1066:Not unique table/alias: 'dt_terminal'
 [ SQL语句 ] : SELECT * FROM `dt_terminal` left join dt_terminal on dt_terminal.terminal_id = dt_certification.certification_terminalid  
ERR: 1066:Not unique table/alias: 'dt_terminal'
 [ SQL语句 ] : SELECT * FROM `dt_terminal` left join dt_terminal on dt_terminal.terminal_id = dt_certification.certification_terminalid  

[ 2018-04-12T16:48:32+08:00 ] ::1 /thinkphp_3.2.3_full/index.php/Home/Index/Add
INFO: [ app_init ] --START--
INFO: Run Behavior\BuildLiteBehavior [ RunTime:0.000000s ]
INFO: [ app_init ] --END-- [ RunTime:0.000000s ]
INFO: [ app_begin ] --START--
INFO: Run Behavior\ReadHtmlCacheBehavior [ RunTime:0.002000s ]
INFO: [ app_begin ] --END-- [ RunTime:0.002000s ]
NOTIC: [8] Undefined index: package_officialid F:\Apache24\www\thinkphp_3.2.3_full\Application\Home\Controller\IndexController.class.php 第 12 行.
NOTIC: [8] Undefined index: terminal_username F:\Apache24\www\thinkphp_3.2.3_full\Application\Home\Controller\IndexController.class.php 第 13 行.
NOTIC: [8] Undefined index: package_name F:\Apache24\www\thinkphp_3.2.3_full\Application\Home\Controller\IndexController.class.php 第 14 行.
NOTIC: [8] Undefined index: terminal_phone F:\Apache24\www\thinkphp_3.2.3_full\Application\Home\Controller\IndexController.class.php 第 15 行.
SQL: SHOW COLUMNS FROM `dt_terminal` [ RunTime:0.0090s ]
SQL: SELECT * FROM `dt_terminal`  [ RunTime:0.0010s ]
NOTIC: [8] Undefined index: package_officialid F:\Apache24\www\thinkphp_3.2.3_full\Application\Home\Controller\IndexController.class.php 第 20 行.
NOTIC: [8] Undefined index: package_officialid F:\Apache24\www\thinkphp_3.2.3_full\Application\Home\Controller\IndexController.class.php 第 20 行.
INFO: [ view_parse ] --START--
INFO: [ template_filter ] --START--
INFO: Run Behavior\ContentReplaceBehavior [ RunTime:0.001000s ]
INFO: [ template_filter ] --END-- [ RunTime:0.001000s ]
INFO: Run Behavior\ParseTemplateBehavior [ RunTime:0.010001s ]
INFO: [ view_parse ] --END-- [ RunTime:0.010001s ]
INFO: [ view_filter ] --START--
INFO: Run Behavior\WriteHtmlCacheBehavior [ RunTime:0.001000s ]
INFO: [ view_filter ] --END-- [ RunTime:0.001000s ]

[ 2018-04-12T16:48:36+08:00 ] ::1 /thinkphp_3.2.3_full/index.php/Home/Index/Index
INFO: [ app_init ] --START--
INFO: Run Behavior\BuildLiteBehavior [ RunTime:0.000000s ]
INFO: [ app_init ] --END-- [ RunTime:0.002000s ]
INFO: [ app_begin ] --START--
INFO: Run Behavior\ReadHtmlCacheBehavior [ RunTime:0.002000s ]
INFO: [ app_begin ] --END-- [ RunTime:0.002000s ]
SQL: SHOW COLUMNS FROM `dt_package` [ RunTime:0.0140s ]
SQL: SELECT * FROM `dt_package`  [ RunTime:0.0010s ]
INFO: [ view_parse ] --START--
INFO: [ template_filter ] --START--
INFO: Run Behavior\ContentReplaceBehavior [ RunTime:0.001000s ]
INFO: [ template_filter ] --END-- [ RunTime:0.001000s ]
INFO: Run Behavior\ParseTemplateBehavior [ RunTime:0.017001s ]
INFO: [ view_parse ] --END-- [ RunTime:0.017001s ]
INFO: [ view_filter ] --START--
INFO: Run Behavior\WriteHtmlCacheBehavior [ RunTime:0.001000s ]
INFO: [ view_filter ] --END-- [ RunTime:0.001000s ]
INFO: [ app_end ] --START--
INFO: Run Behavior\ShowPageTraceBehavior [ RunTime:0.002000s ]
INFO: [ app_end ] --END-- [ RunTime:0.002000s ]

[ 2018-04-12T16:49:01+08:00 ] ::1 /thinkphp_3.2.3_full/index.php/Home/Index/rz
INFO: [ app_init ] --START--
INFO: Run Behavior\BuildLiteBehavior [ RunTime:0.000000s ]
INFO: [ app_init ] --END-- [ RunTime:0.000000s ]
INFO: [ app_begin ] --START--
INFO: Run Behavior\ReadHtmlCacheBehavior [ RunTime:0.001000s ]
INFO: [ app_begin ] --END-- [ RunTime:0.001000s ]
SQL: SHOW COLUMNS FROM `dt_package` [ RunTime:0.0060s ]
SQL: SELECT * FROM `dt_package` WHERE `package_officialid` = 999999 LIMIT 1   [ RunTime:0.0010s ]

[ 2018-04-12T16:49:06+08:00 ] ::1 /thinkphp_3.2.3_full/index.php/Home/Index/Add
INFO: [ app_init ] --START--
INFO: Run Behavior\BuildLiteBehavior [ RunTime:0.000000s ]
INFO: [ app_init ] --END-- [ RunTime:0.001000s ]
INFO: [ app_begin ] --START--
INFO: Run Behavior\ReadHtmlCacheBehavior [ RunTime:0.002001s ]
INFO: [ app_begin ] --END-- [ RunTime:0.002001s ]
SQL: SHOW COLUMNS FROM `dt_terminal` [ RunTime:0.0070s ]
SQL: SELECT * FROM `dt_terminal`  [ RunTime:0.0010s ]
NOTIC: [8] Undefined index: package_officialid F:\Apache24\www\thinkphp_3.2.3_full\Application\Home\Controller\IndexController.class.php 第 20 行.
NOTIC: [8] Undefined index: validate F:\Apache24\www\thinkphp_3.2.3_full\ThinkPHP\Library\Think\Model.class.php 第 1185 行.
NOTIC: [8] Undefined index: auto F:\Apache24\www\thinkphp_3.2.3_full\ThinkPHP\Library\Think\Model.class.php 第 1128 行.
SQL: INSERT INTO `dt_terminal` (`terminal_username`,`terminal_phone`) VALUES ('9999999','15345623546') [ RunTime:0.0030s ]
SQL: SHOW COLUMNS FROM `dt_package` [ RunTime:0.0050s ]
NOTIC: [8] Undefined index: validate F:\Apache24\www\thinkphp_3.2.3_full\ThinkPHP\Library\Think\Model.class.php 第 1185 行.
NOTIC: [8] Undefined index: auto F:\Apache24\www\thinkphp_3.2.3_full\ThinkPHP\Library\Think\Model.class.php 第 1128 行.
SQL: INSERT INTO `dt_package` (`package_officialid`,`package_name`) VALUES ('999999','10G套餐') [ RunTime:0.0040s ]
SQL: SHOW COLUMNS FROM `dt_certification` [ RunTime:0.0060s ]
ERR: 1066:Not unique table/alias: 'dt_terminal'
 [ SQL语句 ] : SELECT * FROM `dt_terminal` left join dt_terminal on dt_terminal.terminal_id = dt_certification.certification_terminalid  
ERR: 1066:Not unique table/alias: 'dt_terminal'
 [ SQL语句 ] : SELECT * FROM `dt_terminal` left join dt_terminal on dt_terminal.terminal_id = dt_certification.certification_terminalid  

[ 2018-04-12T16:52:51+08:00 ] ::1 /thinkphp_3.2.3_full/index.php/Home/Index/Add
INFO: [ app_init ] --START--
INFO: Run Behavior\BuildLiteBehavior [ RunTime:0.000000s ]
INFO: [ app_init ] --END-- [ RunTime:0.000000s ]
INFO: [ app_begin ] --START--
INFO: Run Behavior\ReadHtmlCacheBehavior [ RunTime:0.004001s ]
INFO: [ app_begin ] --END-- [ RunTime:0.004001s ]
NOTIC: [8] Undefined index: package_officialid F:\Apache24\www\thinkphp_3.2.3_full\Application\Home\Controller\IndexController.class.php 第 12 行.
NOTIC: [8] Undefined index: terminal_username F:\Apache24\www\thinkphp_3.2.3_full\Application\Home\Controller\IndexController.class.php 第 13 行.
NOTIC: [8] Undefined index: package_name F:\Apache24\www\thinkphp_3.2.3_full\Application\Home\Controller\IndexController.class.php 第 14 行.
NOTIC: [8] Undefined index: terminal_phone F:\Apache24\www\thinkphp_3.2.3_full\Application\Home\Controller\IndexController.class.php 第 15 行.
SQL: SHOW COLUMNS FROM `dt_terminal` [ RunTime:0.0060s ]
SQL: SELECT * FROM `dt_terminal`  [ RunTime:0.0000s ]
NOTIC: [8] Undefined index: package_officialid F:\Apache24\www\thinkphp_3.2.3_full\Application\Home\Controller\IndexController.class.php 第 20 行.
NOTIC: [8] Undefined index: package_officialid F:\Apache24\www\thinkphp_3.2.3_full\Application\Home\Controller\IndexController.class.php 第 20 行.
INFO: [ view_parse ] --START--
INFO: [ template_filter ] --START--
INFO: Run Behavior\ContentReplaceBehavior [ RunTime:0.000000s ]
INFO: [ template_filter ] --END-- [ RunTime:0.000000s ]
INFO: Run Behavior\ParseTemplateBehavior [ RunTime:0.011000s ]
INFO: [ view_parse ] --END-- [ RunTime:0.011000s ]
INFO: [ view_filter ] --START--
INFO: Run Behavior\WriteHtmlCacheBehavior [ RunTime:0.001001s ]
INFO: [ view_filter ] --END-- [ RunTime:0.001001s ]

[ 2018-04-12T16:52:54+08:00 ] ::1 /thinkphp_3.2.3_full/index.php/Home/Index/Index
INFO: [ app_init ] --START--
INFO: Run Behavior\BuildLiteBehavior [ RunTime:0.000000s ]
INFO: [ app_init ] --END-- [ RunTime:0.001000s ]
INFO: [ app_begin ] --START--
INFO: Run Behavior\ReadHtmlCacheBehavior [ RunTime:0.001000s ]
INFO: [ app_begin ] --END-- [ RunTime:0.001000s ]
SQL: SHOW COLUMNS FROM `dt_package` [ RunTime:0.0060s ]
SQL: SELECT * FROM `dt_package`  [ RunTime:0.0030s ]
INFO: [ view_parse ] --START--
INFO: [ template_filter ] --START--
INFO: Run Behavior\ContentReplaceBehavior [ RunTime:0.001000s ]
INFO: [ template_filter ] --END-- [ RunTime:0.001000s ]
INFO: Run Behavior\ParseTemplateBehavior [ RunTime:0.016001s ]
INFO: [ view_parse ] --END-- [ RunTime:0.016001s ]
INFO: [ view_filter ] --START--
INFO: Run Behavior\WriteHtmlCacheBehavior [ RunTime:0.001000s ]
INFO: [ view_filter ] --END-- [ RunTime:0.001000s ]
INFO: [ app_end ] --START--
INFO: Run Behavior\ShowPageTraceBehavior [ RunTime:0.002000s ]
INFO: [ app_end ] --END-- [ RunTime:0.002000s ]

[ 2018-04-12T16:52:59+08:00 ] ::1 /thinkphp_3.2.3_full/index.php/Home/Index/rz
INFO: [ app_init ] --START--
INFO: Run Behavior\BuildLiteBehavior [ RunTime:0.000000s ]
INFO: [ app_init ] --END-- [ RunTime:0.001000s ]
INFO: [ app_begin ] --START--
INFO: Run Behavior\ReadHtmlCacheBehavior [ RunTime:0.001000s ]
INFO: [ app_begin ] --END-- [ RunTime:0.001000s ]
SQL: SHOW COLUMNS FROM `dt_package` [ RunTime:0.0080s ]
SQL: SELECT * FROM `dt_package` WHERE `package_officialid` = 56756756 LIMIT 1   [ RunTime:0.0000s ]

[ 2018-04-12T16:53:02+08:00 ] ::1 /thinkphp_3.2.3_full/index.php/Home/Index/Add
INFO: [ app_init ] --START--
INFO: Run Behavior\BuildLiteBehavior [ RunTime:0.000000s ]
INFO: [ app_init ] --END-- [ RunTime:0.001000s ]
INFO: [ app_begin ] --START--
INFO: Run Behavior\ReadHtmlCacheBehavior [ RunTime:0.001000s ]
INFO: [ app_begin ] --END-- [ RunTime:0.001000s ]
SQL: SHOW COLUMNS FROM `dt_terminal` [ RunTime:0.0070s ]
SQL: SELECT * FROM `dt_terminal`  [ RunTime:0.0010s ]
NOTIC: [8] Undefined index: package_officialid F:\Apache24\www\thinkphp_3.2.3_full\Application\Home\Controller\IndexController.class.php 第 20 行.
NOTIC: [8] Undefined index: validate F:\Apache24\www\thinkphp_3.2.3_full\ThinkPHP\Library\Think\Model.class.php 第 1185 行.
NOTIC: [8] Undefined index: auto F:\Apache24\www\thinkphp_3.2.3_full\ThinkPHP\Library\Think\Model.class.php 第 1128 行.
SQL: INSERT INTO `dt_terminal` (`terminal_username`,`terminal_phone`) VALUES ('7657567','13525621512') [ RunTime:0.0010s ]
SQL: SHOW COLUMNS FROM `dt_package` [ RunTime:0.0070s ]
NOTIC: [8] Undefined index: validate F:\Apache24\www\thinkphp_3.2.3_full\ThinkPHP\Library\Think\Model.class.php 第 1185 行.
NOTIC: [8] Undefined index: auto F:\Apache24\www\thinkphp_3.2.3_full\ThinkPHP\Library\Think\Model.class.php 第 1128 行.
SQL: INSERT INTO `dt_package` (`package_officialid`,`package_name`) VALUES ('56756756','10G套餐') [ RunTime:0.0030s ]
SQL: SHOW COLUMNS FROM `dt_certification` [ RunTime:0.0090s ]
ERR: 1066:Not unique table/alias: 'dt_terminal'
 [ SQL语句 ] : SELECT * FROM `dt_terminal` left join dt_terminal on dt_terminal.terminal_id=dt_certification.certification_id  
ERR: 1066:Not unique table/alias: 'dt_terminal'
 [ SQL语句 ] : SELECT * FROM `dt_terminal` left join dt_terminal on dt_terminal.terminal_id=dt_certification.certification_id  

[ 2018-04-12T16:54:19+08:00 ] ::1 /thinkphp_3.2.3_full/index.php/Home/Index
INFO: [ app_init ] --START--
INFO: Run Behavior\BuildLiteBehavior [ RunTime:0.000000s ]
INFO: [ app_init ] --END-- [ RunTime:0.001000s ]
INFO: [ app_begin ] --START--
INFO: Run Behavior\ReadHtmlCacheBehavior [ RunTime:0.001000s ]
INFO: [ app_begin ] --END-- [ RunTime:0.002000s ]
SQL: SHOW COLUMNS FROM `dt_package` [ RunTime:0.0080s ]
SQL: SELECT * FROM `dt_package`  [ RunTime:0.0010s ]
INFO: [ view_parse ] --START--
INFO: [ template_filter ] --START--
INFO: Run Behavior\ContentReplaceBehavior [ RunTime:0.001000s ]
INFO: [ template_filter ] --END-- [ RunTime:0.001000s ]
INFO: Run Behavior\ParseTemplateBehavior [ RunTime:0.014001s ]
INFO: [ view_parse ] --END-- [ RunTime:0.015001s ]
INFO: [ view_filter ] --START--
INFO: Run Behavior\WriteHtmlCacheBehavior [ RunTime:0.001000s ]
INFO: [ view_filter ] --END-- [ RunTime:0.001000s ]
INFO: [ app_end ] --START--
INFO: Run Behavior\ShowPageTraceBehavior [ RunTime:0.002000s ]
INFO: [ app_end ] --END-- [ RunTime:0.003000s ]

[ 2018-04-12T16:54:22+08:00 ] ::1 /thinkphp_3.2.3_full/index.php/Home/Index/rz
INFO: [ app_init ] --START--
INFO: Run Behavior\BuildLiteBehavior [ RunTime:0.000000s ]
INFO: [ app_init ] --END-- [ RunTime:0.001000s ]
INFO: [ app_begin ] --START--
INFO: Run Behavior\ReadHtmlCacheBehavior [ RunTime:0.001000s ]
INFO: [ app_begin ] --END-- [ RunTime:0.001000s ]
SQL: SHOW COLUMNS FROM `dt_package` [ RunTime:0.0060s ]
SQL: SELECT * FROM `dt_package` WHERE `package_officialid` = 7687686 LIMIT 1   [ RunTime:0.0010s ]

[ 2018-04-12T16:54:27+08:00 ] ::1 /thinkphp_3.2.3_full/index.php/Home/Index/Add
INFO: [ app_init ] --START--
INFO: Run Behavior\BuildLiteBehavior [ RunTime:0.000000s ]
INFO: [ app_init ] --END-- [ RunTime:0.001000s ]
INFO: [ app_begin ] --START--
INFO: Run Behavior\ReadHtmlCacheBehavior [ RunTime:0.002000s ]
INFO: [ app_begin ] --END-- [ RunTime:0.002000s ]
SQL: SHOW COLUMNS FROM `dt_terminal` [ RunTime:0.0080s ]
SQL: SELECT * FROM `dt_terminal`  [ RunTime:0.0010s ]
NOTIC: [8] Undefined index: package_officialid F:\Apache24\www\thinkphp_3.2.3_full\Application\Home\Controller\IndexController.class.php 第 20 行.
NOTIC: [8] Undefined index: validate F:\Apache24\www\thinkphp_3.2.3_full\ThinkPHP\Library\Think\Model.class.php 第 1185 行.
NOTIC: [8] Undefined index: auto F:\Apache24\www\thinkphp_3.2.3_full\ThinkPHP\Library\Think\Model.class.php 第 1128 行.
SQL: INSERT INTO `dt_terminal` (`terminal_username`,`terminal_phone`) VALUES ('8567567','15345623546') [ RunTime:0.0020s ]
SQL: SHOW COLUMNS FROM `dt_package` [ RunTime:0.0070s ]
NOTIC: [8] Undefined index: validate F:\Apache24\www\thinkphp_3.2.3_full\ThinkPHP\Library\Think\Model.class.php 第 1185 行.
NOTIC: [8] Undefined index: auto F:\Apache24\www\thinkphp_3.2.3_full\ThinkPHP\Library\Think\Model.class.php 第 1128 行.
SQL: INSERT INTO `dt_package` (`package_officialid`,`package_name`) VALUES ('7687686','10G套餐') [ RunTime:0.0020s ]
SQL: SHOW COLUMNS FROM `dt_certification` [ RunTime:0.0070s ]
ERR: 1066:Not unique table/alias: 'dt_terminal'
 [ SQL语句 ] : SELECT * FROM `dt_terminal` left join dt_terminal on dt_terminal.terminal_id = dt_certification.certification_terminalid   
ERR: 1066:Not unique table/alias: 'dt_terminal'
 [ SQL语句 ] : SELECT * FROM `dt_terminal` left join dt_terminal on dt_terminal.terminal_id = dt_certification.certification_terminalid   

[ 2018-04-12T16:55:02+08:00 ] ::1 /thinkphp_3.2.3_full/index.php/Home/Index
INFO: [ app_init ] --START--
INFO: Run Behavior\BuildLiteBehavior [ RunTime:0.000000s ]
INFO: [ app_init ] --END-- [ RunTime:0.000000s ]
INFO: [ app_begin ] --START--
INFO: Run Behavior\ReadHtmlCacheBehavior [ RunTime:0.002000s ]
INFO: [ app_begin ] --END-- [ RunTime:0.002000s ]
SQL: SHOW COLUMNS FROM `dt_package` [ RunTime:0.0070s ]
SQL: SELECT * FROM `dt_package`  [ RunTime:0.0010s ]
INFO: [ view_parse ] --START--
INFO: [ template_filter ] --START--
INFO: Run Behavior\ContentReplaceBehavior [ RunTime:0.000000s ]
INFO: [ template_filter ] --END-- [ RunTime:0.000000s ]
INFO: Run Behavior\ParseTemplateBehavior [ RunTime:0.011001s ]
INFO: [ view_parse ] --END-- [ RunTime:0.011001s ]
INFO: [ view_filter ] --START--
INFO: Run Behavior\WriteHtmlCacheBehavior [ RunTime:0.001000s ]
INFO: [ view_filter ] --END-- [ RunTime:0.001000s ]
INFO: [ app_end ] --START--
INFO: Run Behavior\ShowPageTraceBehavior [ RunTime:0.001000s ]
INFO: [ app_end ] --END-- [ RunTime:0.001000s ]

[ 2018-04-12T16:55:06+08:00 ] ::1 /thinkphp_3.2.3_full/index.php/Home/Index/rz
INFO: [ app_init ] --START--
INFO: Run Behavior\BuildLiteBehavior [ RunTime:0.000000s ]
INFO: [ app_init ] --END-- [ RunTime:0.000000s ]
INFO: [ app_begin ] --START--
INFO: Run Behavior\ReadHtmlCacheBehavior [ RunTime:0.001000s ]
INFO: [ app_begin ] --END-- [ RunTime:0.001000s ]
SQL: SHOW COLUMNS FROM `dt_package` [ RunTime:0.0070s ]
SQL: SELECT * FROM `dt_package` WHERE `package_officialid` = 67567 LIMIT 1   [ RunTime:0.0010s ]

[ 2018-04-12T16:55:12+08:00 ] ::1 /thinkphp_3.2.3_full/index.php/Home/Index/Add
INFO: [ app_init ] --START--
INFO: Run Behavior\BuildLiteBehavior [ RunTime:0.000000s ]
INFO: [ app_init ] --END-- [ RunTime:0.000000s ]
INFO: [ app_begin ] --START--
INFO: Run Behavior\ReadHtmlCacheBehavior [ RunTime:0.001000s ]
INFO: [ app_begin ] --END-- [ RunTime:0.001000s ]
SQL: SHOW COLUMNS FROM `dt_terminal` [ RunTime:0.0140s ]
SQL: SELECT * FROM `dt_terminal`  [ RunTime:0.0010s ]
NOTIC: [8] Undefined index: package_officialid F:\Apache24\www\thinkphp_3.2.3_full\Application\Home\Controller\IndexController.class.php 第 20 行.
NOTIC: [8] Undefined index: validate F:\Apache24\www\thinkphp_3.2.3_full\ThinkPHP\Library\Think\Model.class.php 第 1185 行.
NOTIC: [8] Undefined index: auto F:\Apache24\www\thinkphp_3.2.3_full\ThinkPHP\Library\Think\Model.class.php 第 1128 行.
SQL: INSERT INTO `dt_terminal` (`terminal_username`,`terminal_phone`) VALUES ('567567','13623252365') [ RunTime:0.0010s ]
SQL: SHOW COLUMNS FROM `dt_package` [ RunTime:0.0080s ]
NOTIC: [8] Undefined index: validate F:\Apache24\www\thinkphp_3.2.3_full\ThinkPHP\Library\Think\Model.class.php 第 1185 行.
NOTIC: [8] Undefined index: auto F:\Apache24\www\thinkphp_3.2.3_full\ThinkPHP\Library\Think\Model.class.php 第 1128 行.
SQL: INSERT INTO `dt_package` (`package_officialid`,`package_name`) VALUES ('67567','10G套餐') [ RunTime:0.0020s ]
SQL: SHOW COLUMNS FROM `dt_certification` [ RunTime:0.0060s ]
ERR: 1066:Not unique table/alias: 'dt_terminal'
 [ SQL语句 ] : SELECT * FROM `dt_terminal` left join dt_terminal on dt_terminal.terminal_id = dt_certification.certification_terminalid   
ERR: 1066:Not unique table/alias: 'dt_terminal'
 [ SQL语句 ] : SELECT * FROM `dt_terminal` left join dt_terminal on dt_terminal.terminal_id = dt_certification.certification_terminalid   

[ 2018-04-12T16:56:37+08:00 ] ::1 /thinkphp_3.2.3_full/index.php/Home/Index
INFO: [ app_init ] --START--
INFO: Run Behavior\BuildLiteBehavior [ RunTime:0.000000s ]
INFO: [ app_init ] --END-- [ RunTime:0.001000s ]
INFO: [ app_begin ] --START--
INFO: Run Behavior\ReadHtmlCacheBehavior [ RunTime:0.002000s ]
INFO: [ app_begin ] --END-- [ RunTime:0.002000s ]
SQL: SHOW COLUMNS FROM `dt_package` [ RunTime:0.0060s ]
SQL: SELECT * FROM `dt_package`  [ RunTime:0.0000s ]
INFO: [ view_parse ] --START--
INFO: [ template_filter ] --START--
INFO: Run Behavior\ContentReplaceBehavior [ RunTime:0.000000s ]
INFO: [ template_filter ] --END-- [ RunTime:0.000000s ]
INFO: Run Behavior\ParseTemplateBehavior [ RunTime:0.012000s ]
INFO: [ view_parse ] --END-- [ RunTime:0.012000s ]
INFO: [ view_filter ] --START--
INFO: Run Behavior\WriteHtmlCacheBehavior [ RunTime:0.002000s ]
INFO: [ view_filter ] --END-- [ RunTime:0.002000s ]
INFO: [ app_end ] --START--
INFO: Run Behavior\ShowPageTraceBehavior [ RunTime:0.001001s ]
INFO: [ app_end ] --END-- [ RunTime:0.001001s ]

[ 2018-04-12T16:56:41+08:00 ] ::1 /thinkphp_3.2.3_full/index.php/Home/Index/rz
INFO: [ app_init ] --START--
INFO: Run Behavior\BuildLiteBehavior [ RunTime:0.000000s ]
INFO: [ app_init ] --END-- [ RunTime:0.001000s ]
INFO: [ app_begin ] --START--
INFO: Run Behavior\ReadHtmlCacheBehavior [ RunTime:0.002000s ]
INFO: [ app_begin ] --END-- [ RunTime:0.002000s ]
SQL: SHOW COLUMNS FROM `dt_package` [ RunTime:0.0060s ]
SQL: SELECT * FROM `dt_package` WHERE `package_officialid` = 56756 LIMIT 1   [ RunTime:0.0010s ]

[ 2018-04-12T16:56:46+08:00 ] ::1 /thinkphp_3.2.3_full/index.php/Home/Index/Add
INFO: [ app_init ] --START--
INFO: Run Behavior\BuildLiteBehavior [ RunTime:0.000000s ]
INFO: [ app_init ] --END-- [ RunTime:0.001000s ]
INFO: [ app_begin ] --START--
INFO: Run Behavior\ReadHtmlCacheBehavior [ RunTime:0.002000s ]
INFO: [ app_begin ] --END-- [ RunTime:0.002000s ]
SQL: SHOW COLUMNS FROM `dt_terminal` [ RunTime:0.0120s ]
SQL: SELECT * FROM `dt_terminal`  [ RunTime:0.0010s ]
NOTIC: [8] Undefined index: package_officialid F:\Apache24\www\thinkphp_3.2.3_full\Application\Home\Controller\IndexController.class.php 第 20 行.
NOTIC: [8] Undefined index: validate F:\Apache24\www\thinkphp_3.2.3_full\ThinkPHP\Library\Think\Model.class.php 第 1185 行.
NOTIC: [8] Undefined index: auto F:\Apache24\www\thinkphp_3.2.3_full\ThinkPHP\Library\Think\Model.class.php 第 1128 行.
SQL: INSERT INTO `dt_terminal` (`terminal_username`,`terminal_phone`) VALUES ('567567','15345623546') [ RunTime:0.0020s ]
SQL: SHOW COLUMNS FROM `dt_package` [ RunTime:0.0070s ]
NOTIC: [8] Undefined index: validate F:\Apache24\www\thinkphp_3.2.3_full\ThinkPHP\Library\Think\Model.class.php 第 1185 行.
NOTIC: [8] Undefined index: auto F:\Apache24\www\thinkphp_3.2.3_full\ThinkPHP\Library\Think\Model.class.php 第 1128 行.
SQL: INSERT INTO `dt_package` (`package_officialid`,`package_name`) VALUES ('56756','10G套餐') [ RunTime:0.0010s ]
SQL: SHOW COLUMNS FROM `dt_certification` [ RunTime:0.0060s ]
SQL: SELECT * FROM `dt_certification` left join dt_terminal on dt_terminal.terminal_id = dt_certification.certification_terminalid    [ RunTime:0.0010s ]

[ 2018-04-12T16:59:20+08:00 ] ::1 /thinkphp_3.2.3_full/index.php/Home/Index
INFO: [ app_init ] --START--
INFO: Run Behavior\BuildLiteBehavior [ RunTime:0.000000s ]
INFO: [ app_init ] --END-- [ RunTime:0.000000s ]
INFO: [ app_begin ] --START--
INFO: Run Behavior\ReadHtmlCacheBehavior [ RunTime:0.006001s ]
INFO: [ app_begin ] --END-- [ RunTime:0.006001s ]
SQL: SHOW COLUMNS FROM `dt_package` [ RunTime:0.0060s ]
SQL: SELECT * FROM `dt_package`  [ RunTime:0.0010s ]
INFO: [ view_parse ] --START--
INFO: [ template_filter ] --START--
INFO: Run Behavior\ContentReplaceBehavior [ RunTime:0.000000s ]
INFO: [ template_filter ] --END-- [ RunTime:0.000000s ]
INFO: Run Behavior\ParseTemplateBehavior [ RunTime:0.014001s ]
INFO: [ view_parse ] --END-- [ RunTime:0.014001s ]
INFO: [ view_filter ] --START--
INFO: Run Behavior\WriteHtmlCacheBehavior [ RunTime:0.001000s ]
INFO: [ view_filter ] --END-- [ RunTime:0.001000s ]
INFO: [ app_end ] --START--
INFO: Run Behavior\ShowPageTraceBehavior [ RunTime:0.002000s ]
INFO: [ app_end ] --END-- [ RunTime:0.003000s ]

[ 2018-04-12T17:01:35+08:00 ] ::1 /thinkphp_3.2.3_full/index.php/Home/Index
INFO: [ app_init ] --START--
INFO: Run Behavior\BuildLiteBehavior [ RunTime:0.000000s ]
INFO: [ app_init ] --END-- [ RunTime:0.001000s ]
INFO: [ app_begin ] --START--
INFO: Run Behavior\ReadHtmlCacheBehavior [ RunTime:0.002000s ]
INFO: [ app_begin ] --END-- [ RunTime:0.003000s ]

[ 2018-04-12T17:02:19+08:00 ] ::1 /thinkphp_3.2.3_full/index.php/Home/Index
INFO: [ app_init ] --START--
INFO: Run Behavior\BuildLiteBehavior [ RunTime:0.000000s ]
INFO: [ app_init ] --END-- [ RunTime:0.001000s ]
INFO: [ app_begin ] --START--
INFO: Run Behavior\ReadHtmlCacheBehavior [ RunTime:0.001000s ]
INFO: [ app_begin ] --END-- [ RunTime:0.001000s ]
SQL: SHOW COLUMNS FROM `dt_package` [ RunTime:0.0070s ]
SQL: SELECT * FROM `dt_package`  [ RunTime:0.0000s ]
INFO: [ view_parse ] --START--
INFO: [ template_filter ] --START--
INFO: Run Behavior\ContentReplaceBehavior [ RunTime:0.000000s ]
INFO: [ template_filter ] --END-- [ RunTime:0.000000s ]
INFO: Run Behavior\ParseTemplateBehavior [ RunTime:0.015001s ]
INFO: [ view_parse ] --END-- [ RunTime:0.015001s ]
INFO: [ view_filter ] --START--
INFO: Run Behavior\WriteHtmlCacheBehavior [ RunTime:0.002000s ]
INFO: [ view_filter ] --END-- [ RunTime:0.002000s ]
INFO: [ app_end ] --START--
INFO: Run Behavior\ShowPageTraceBehavior [ RunTime:0.002000s ]
INFO: [ app_end ] --END-- [ RunTime:0.002000s ]

[ 2018-04-12T17:02:22+08:00 ] ::1 /thinkphp_3.2.3_full/index.php/Home/Index/rz
INFO: [ app_init ] --START--
INFO: Run Behavior\BuildLiteBehavior [ RunTime:0.000000s ]
INFO: [ app_init ] --END-- [ RunTime:0.000000s ]
INFO: [ app_begin ] --START--
INFO: Run Behavior\ReadHtmlCacheBehavior [ RunTime:0.001000s ]
INFO: [ app_begin ] --END-- [ RunTime:0.001000s ]
SQL: SHOW COLUMNS FROM `dt_package` [ RunTime:0.0080s ]
SQL: SELECT * FROM `dt_package` WHERE `package_officialid` = 546456 LIMIT 1   [ RunTime:0.0010s ]

[ 2018-04-12T17:02:26+08:00 ] ::1 /thinkphp_3.2.3_full/index.php/Home/Index/Add
INFO: [ app_init ] --START--
INFO: Run Behavior\BuildLiteBehavior [ RunTime:0.000000s ]
INFO: [ app_init ] --END-- [ RunTime:0.001000s ]
INFO: [ app_begin ] --START--
INFO: Run Behavior\ReadHtmlCacheBehavior [ RunTime:0.002000s ]
INFO: [ app_begin ] --END-- [ RunTime:0.002000s ]
SQL: SHOW COLUMNS FROM `dt_terminal` [ RunTime:0.0060s ]
SQL: SELECT * FROM `dt_terminal`  [ RunTime:0.0030s ]
NOTIC: [8] Undefined index: package_officialid F:\Apache24\www\thinkphp_3.2.3_full\Application\Home\Controller\IndexController.class.php 第 20 行.
NOTIC: [8] Undefined index: validate F:\Apache24\www\thinkphp_3.2.3_full\ThinkPHP\Library\Think\Model.class.php 第 1185 行.
NOTIC: [8] Undefined index: auto F:\Apache24\www\thinkphp_3.2.3_full\ThinkPHP\Library\Think\Model.class.php 第 1128 行.
SQL: INSERT INTO `dt_terminal` (`terminal_username`,`terminal_phone`) VALUES ('456456','13154623125') [ RunTime:0.0020s ]
SQL: SHOW COLUMNS FROM `dt_package` [ RunTime:0.0090s ]
NOTIC: [8] Undefined index: validate F:\Apache24\www\thinkphp_3.2.3_full\ThinkPHP\Library\Think\Model.class.php 第 1185 行.
NOTIC: [8] Undefined index: auto F:\Apache24\www\thinkphp_3.2.3_full\ThinkPHP\Library\Think\Model.class.php 第 1128 行.
SQL: INSERT INTO `dt_package` (`package_officialid`,`package_name`) VALUES ('546456','10G套餐') [ RunTime:0.0060s ]
SQL: SHOW COLUMNS FROM `dt_certification` [ RunTime:0.0080s ]
SQL: SELECT * FROM `dt_certification` left join dt_terminal on dt_terminal.terminal_id = dt_certification.certification_terminalid    [ RunTime:0.0030s ]
SQL: UPDATE `dt_certification` SET `certification_status`='已认证' WHERE ( certification_terminalid = 546456 ) [ RunTime:0.0010s ]

[ 2018-04-12T17:02:26+08:00 ] ::1 /thinkphp_3.2.3_full/index.php/Home/Index/Sh/smrz_sh/terminal_id/28
INFO: [ app_init ] --START--
INFO: Run Behavior\BuildLiteBehavior [ RunTime:0.000000s ]
INFO: [ app_init ] --END-- [ RunTime:0.001000s ]
INFO: [ app_begin ] --START--
INFO: Run Behavior\ReadHtmlCacheBehavior [ RunTime:0.001000s ]
INFO: [ app_begin ] --END-- [ RunTime:0.001000s ]
SQL: SHOW COLUMNS FROM `dt_terminal` [ RunTime:0.0070s ]
NOTIC: [8] Undefined index: terminal_id F:\Apache24\www\thinkphp_3.2.3_full\Application\Home\Controller\IndexController.class.php 第 43 行.
SQL: SELECT * FROM `dt_terminal`  [ RunTime:0.0010s ]
INFO: [ view_parse ] --START--
INFO: [ template_filter ] --START--
INFO: Run Behavior\ContentReplaceBehavior [ RunTime:0.000000s ]
INFO: [ template_filter ] --END-- [ RunTime:0.000000s ]
INFO: Run Behavior\ParseTemplateBehavior [ RunTime:0.061004s ]
INFO: [ view_parse ] --END-- [ RunTime:0.061004s ]
INFO: [ view_filter ] --START--
INFO: Run Behavior\WriteHtmlCacheBehavior [ RunTime:0.002000s ]
INFO: [ view_filter ] --END-- [ RunTime:0.002000s ]
INFO: [ app_end ] --START--
INFO: Run Behavior\ShowPageTraceBehavior [ RunTime:0.002000s ]
INFO: [ app_end ] --END-- [ RunTime:0.002000s ]

[ 2018-04-12T17:05:45+08:00 ] ::1 /thinkphp_3.2.3_full/index.php/
INFO: [ app_init ] --START--
INFO: Run Behavior\BuildLiteBehavior [ RunTime:0.000000s ]
INFO: [ app_init ] --END-- [ RunTime:0.000000s ]
INFO: [ app_begin ] --START--
INFO: Run Behavior\ReadHtmlCacheBehavior [ RunTime:0.001000s ]
INFO: [ app_begin ] --END-- [ RunTime:0.002000s ]
SQL: SHOW COLUMNS FROM `dt_package` [ RunTime:0.0100s ]
SQL: SELECT * FROM `dt_package`  [ RunTime:0.0010s ]
INFO: [ view_parse ] --START--
INFO: [ template_filter ] --START--
INFO: Run Behavior\ContentReplaceBehavior [ RunTime:0.000000s ]
INFO: [ template_filter ] --END-- [ RunTime:0.000000s ]
INFO: Run Behavior\ParseTemplateBehavior [ RunTime:0.014001s ]
INFO: [ view_parse ] --END-- [ RunTime:0.014001s ]
INFO: [ view_filter ] --START--
INFO: Run Behavior\WriteHtmlCacheBehavior [ RunTime:0.001000s ]
INFO: [ view_filter ] --END-- [ RunTime:0.001000s ]
INFO: [ app_end ] --START--
INFO: Run Behavior\ShowPageTraceBehavior [ RunTime:0.001000s ]
INFO: [ app_end ] --END-- [ RunTime:0.001000s ]

[ 2018-04-12T17:05:49+08:00 ] ::1 /thinkphp_3.2.3_full/index.php/Home/Index/rz
INFO: [ app_init ] --START--
INFO: Run Behavior\BuildLiteBehavior [ RunTime:0.000000s ]
INFO: [ app_init ] --END-- [ RunTime:0.001000s ]
INFO: [ app_begin ] --START--
INFO: Run Behavior\ReadHtmlCacheBehavior [ RunTime:0.001000s ]
INFO: [ app_begin ] --END-- [ RunTime:0.001000s ]
SQL: SHOW COLUMNS FROM `dt_package` [ RunTime:0.0060s ]
SQL: SELECT * FROM `dt_package` WHERE `package_officialid` = 0 LIMIT 1   [ RunTime:0.0010s ]

[ 2018-04-12T17:05:50+08:00 ] ::1 /thinkphp_3.2.3_full/index.php/Home/Index/rz
INFO: [ app_init ] --START--
INFO: Run Behavior\BuildLiteBehavior [ RunTime:0.000000s ]
INFO: [ app_init ] --END-- [ RunTime:0.000000s ]
INFO: [ app_begin ] --START--
INFO: Run Behavior\ReadHtmlCacheBehavior [ RunTime:0.001000s ]
INFO: [ app_begin ] --END-- [ RunTime:0.001000s ]
SQL: SHOW COLUMNS FROM `dt_package` [ RunTime:0.0060s ]
SQL: SELECT * FROM `dt_package` WHERE `package_officialid` = 0 LIMIT 1   [ RunTime:0.0010s ]

[ 2018-04-12T17:05:52+08:00 ] ::1 /thinkphp_3.2.3_full/index.php/Home/Index/rz
INFO: [ app_init ] --START--
INFO: Run Behavior\BuildLiteBehavior [ RunTime:0.000000s ]
INFO: [ app_init ] --END-- [ RunTime:0.001000s ]
INFO: [ app_begin ] --START--
INFO: Run Behavior\ReadHtmlCacheBehavior [ RunTime:0.002000s ]
INFO: [ app_begin ] --END-- [ RunTime:0.002000s ]
SQL: SHOW COLUMNS FROM `dt_package` [ RunTime:0.0060s ]
SQL: SELECT * FROM `dt_package` WHERE `package_officialid` = 123 LIMIT 1   [ RunTime:0.0010s ]

[ 2018-04-12T17:07:42+08:00 ] ::1 /thinkphp_3.2.3_full/index.php/
INFO: [ app_init ] --START--
INFO: Run Behavior\BuildLiteBehavior [ RunTime:0.000000s ]
INFO: [ app_init ] --END-- [ RunTime:0.001000s ]
INFO: [ app_begin ] --START--
INFO: Run Behavior\ReadHtmlCacheBehavior [ RunTime:0.001000s ]
INFO: [ app_begin ] --END-- [ RunTime:0.002000s ]
SQL: SHOW COLUMNS FROM `dt_package` [ RunTime:0.0070s ]
SQL: SELECT * FROM `dt_package`  [ RunTime:0.0000s ]
INFO: [ view_parse ] --START--
INFO: [ template_filter ] --START--
INFO: Run Behavior\ContentReplaceBehavior [ RunTime:0.000000s ]
INFO: [ template_filter ] --END-- [ RunTime:0.000000s ]
INFO: Run Behavior\ParseTemplateBehavior [ RunTime:0.016001s ]
INFO: [ view_parse ] --END-- [ RunTime:0.016001s ]
INFO: [ view_filter ] --START--
INFO: Run Behavior\WriteHtmlCacheBehavior [ RunTime:0.002000s ]
INFO: [ view_filter ] --END-- [ RunTime:0.002000s ]
INFO: [ app_end ] --START--
INFO: Run Behavior\ShowPageTraceBehavior [ RunTime:0.002000s ]
INFO: [ app_end ] --END-- [ RunTime:0.002000s ]

[ 2018-04-12T17:07:50+08:00 ] ::1 /thinkphp_3.2.3_full/index.php/Home/Index/rz
INFO: [ app_init ] --START--
INFO: Run Behavior\BuildLiteBehavior [ RunTime:0.001000s ]
INFO: [ app_init ] --END-- [ RunTime:0.001000s ]
INFO: [ app_begin ] --START--
INFO: Run Behavior\ReadHtmlCacheBehavior [ RunTime:0.001000s ]
INFO: [ app_begin ] --END-- [ RunTime:0.001000s ]
SQL: SHOW COLUMNS FROM `dt_package` [ RunTime:0.0070s ]
SQL: SELECT * FROM `dt_package` WHERE `package_officialid` = 2123111 LIMIT 1   [ RunTime:0.0000s ]

[ 2018-04-12T17:08:13+08:00 ] ::1 /thinkphp_3.2.3_full/index.php/Home/Index/Add
INFO: [ app_init ] --START--
INFO: Run Behavior\BuildLiteBehavior [ RunTime:0.000000s ]
INFO: [ app_init ] --END-- [ RunTime:0.000000s ]
INFO: [ app_begin ] --START--
INFO: Run Behavior\ReadHtmlCacheBehavior [ RunTime:0.001000s ]
INFO: [ app_begin ] --END-- [ RunTime:0.001000s ]
SQL: SHOW COLUMNS FROM `dt_terminal` [ RunTime:0.0070s ]
SQL: SELECT * FROM `dt_terminal`  [ RunTime:0.0010s ]
NOTIC: [8] Undefined index: package_officialid F:\Apache24\www\thinkphp_3.2.3_full\Application\Home\Controller\IndexController.class.php 第 20 行.
NOTIC: [8] Undefined index: validate F:\Apache24\www\thinkphp_3.2.3_full\ThinkPHP\Library\Think\Model.class.php 第 1185 行.
NOTIC: [8] Undefined index: auto F:\Apache24\www\thinkphp_3.2.3_full\ThinkPHP\Library\Think\Model.class.php 第 1128 行.
SQL: INSERT INTO `dt_terminal` (`terminal_username`,`terminal_phone`) VALUES ('22222','15345623546') [ RunTime:0.0050s ]
SQL: SHOW COLUMNS FROM `dt_package` [ RunTime:0.0100s ]
NOTIC: [8] Undefined index: validate F:\Apache24\www\thinkphp_3.2.3_full\ThinkPHP\Library\Think\Model.class.php 第 1185 行.
NOTIC: [8] Undefined index: auto F:\Apache24\www\thinkphp_3.2.3_full\ThinkPHP\Library\Think\Model.class.php 第 1128 行.
SQL: INSERT INTO `dt_package` (`package_officialid`,`package_name`) VALUES ('2123111','10G套餐') [ RunTime:0.0040s ]
SQL: SHOW COLUMNS FROM `dt_certification` [ RunTime:0.0070s ]
SQL: SELECT * FROM `dt_certification` left join dt_terminal on dt_terminal.terminal_id = dt_certification.certification_terminalid    [ RunTime:0.0010s ]
SQL: UPDATE `dt_certification` SET `certification_status`='已认证' WHERE ( certification_terminalid = 2123111 ) [ RunTime:0.0010s ]

[ 2018-04-12T17:08:13+08:00 ] ::1 /thinkphp_3.2.3_full/index.php/Home/Index/Sh/smrz_sh/terminal_id/16
INFO: [ app_init ] --START--
INFO: Run Behavior\BuildLiteBehavior [ RunTime:0.000000s ]
INFO: [ app_init ] --END-- [ RunTime:0.001000s ]
INFO: [ app_begin ] --START--
INFO: Run Behavior\ReadHtmlCacheBehavior [ RunTime:0.001000s ]
INFO: [ app_begin ] --END-- [ RunTime:0.001000s ]
SQL: SHOW COLUMNS FROM `dt_terminal` [ RunTime:0.0090s ]
NOTIC: [8] Undefined index: terminal_id F:\Apache24\www\thinkphp_3.2.3_full\Application\Home\Controller\IndexController.class.php 第 43 行.
SQL: SELECT * FROM `dt_terminal`  [ RunTime:0.0010s ]
INFO: [ view_parse ] --START--
INFO: [ template_filter ] --START--
INFO: Run Behavior\ContentReplaceBehavior [ RunTime:0.000000s ]
INFO: [ template_filter ] --END-- [ RunTime:0.000000s ]
INFO: Run Behavior\ParseTemplateBehavior [ RunTime:0.011001s ]
INFO: [ view_parse ] --END-- [ RunTime:0.011001s ]
INFO: [ view_filter ] --START--
INFO: Run Behavior\WriteHtmlCacheBehavior [ RunTime:0.002000s ]
INFO: [ view_filter ] --END-- [ RunTime:0.002000s ]
INFO: [ app_end ] --START--
INFO: Run Behavior\ShowPageTraceBehavior [ RunTime:0.001000s ]
INFO: [ app_end ] --END-- [ RunTime:0.001000s ]

[ 2018-04-12T17:12:00+08:00 ] ::1 /thinkphp_3.2.3_full/index.php/Home/Index
INFO: [ app_init ] --START--
INFO: Run Behavior\BuildLiteBehavior [ RunTime:0.000000s ]
INFO: [ app_init ] --END-- [ RunTime:0.001000s ]
INFO: [ app_begin ] --START--
INFO: Run Behavior\ReadHtmlCacheBehavior [ RunTime:0.002000s ]
INFO: [ app_begin ] --END-- [ RunTime:0.002000s ]
SQL: SHOW COLUMNS FROM `dt_package` [ RunTime:0.0090s ]
SQL: SELECT * FROM `dt_package`  [ RunTime:0.0010s ]
INFO: [ view_parse ] --START--
INFO: [ template_filter ] --START--
INFO: Run Behavior\ContentReplaceBehavior [ RunTime:0.000000s ]
INFO: [ template_filter ] --END-- [ RunTime:0.000000s ]
INFO: Run Behavior\ParseTemplateBehavior [ RunTime:0.012001s ]
INFO: [ view_parse ] --END-- [ RunTime:0.012001s ]
INFO: [ view_filter ] --START--
INFO: Run Behavior\WriteHtmlCacheBehavior [ RunTime:0.001000s ]
INFO: [ view_filter ] --END-- [ RunTime:0.001000s ]
INFO: [ app_end ] --START--
INFO: Run Behavior\ShowPageTraceBehavior [ RunTime:0.001000s ]
INFO: [ app_end ] --END-- [ RunTime:0.001000s ]

[ 2018-04-12T17:12:05+08:00 ] ::1 /thinkphp_3.2.3_full/index.php/Home/Index/rz
INFO: [ app_init ] --START--
INFO: Run Behavior\BuildLiteBehavior [ RunTime:0.000000s ]
INFO: [ app_init ] --END-- [ RunTime:0.001000s ]
INFO: [ app_begin ] --START--
INFO: Run Behavior\ReadHtmlCacheBehavior [ RunTime:0.002000s ]
INFO: [ app_begin ] --END-- [ RunTime:0.002000s ]
SQL: SHOW COLUMNS FROM `dt_package` [ RunTime:0.0090s ]
SQL: SELECT * FROM `dt_package` WHERE `package_officialid` = 324234 LIMIT 1   [ RunTime:0.0010s ]

[ 2018-04-12T17:12:16+08:00 ] ::1 /thinkphp_3.2.3_full/index.php/Home/Index/Add
INFO: [ app_init ] --START--
INFO: Run Behavior\BuildLiteBehavior [ RunTime:0.000000s ]
INFO: [ app_init ] --END-- [ RunTime:0.001000s ]
INFO: [ app_begin ] --START--
INFO: Run Behavior\ReadHtmlCacheBehavior [ RunTime:0.001000s ]
INFO: [ app_begin ] --END-- [ RunTime:0.002000s ]
SQL: SHOW COLUMNS FROM `dt_terminal` [ RunTime:0.0100s ]
SQL: SELECT * FROM `dt_terminal`  [ RunTime:0.0010s ]
NOTIC: [8] Undefined index: package_officialid F:\Apache24\www\thinkphp_3.2.3_full\Application\Home\Controller\IndexController.class.php 第 20 行.
NOTIC: [8] Undefined index: validate F:\Apache24\www\thinkphp_3.2.3_full\ThinkPHP\Library\Think\Model.class.php 第 1185 行.
NOTIC: [8] Undefined index: auto F:\Apache24\www\thinkphp_3.2.3_full\ThinkPHP\Library\Think\Model.class.php 第 1128 行.
SQL: INSERT INTO `dt_terminal` (`terminal_username`,`terminal_phone`) VALUES ('324234','13623252365') [ RunTime:0.0020s ]
SQL: SHOW COLUMNS FROM `dt_package` [ RunTime:0.0060s ]
NOTIC: [8] Undefined index: validate F:\Apache24\www\thinkphp_3.2.3_full\ThinkPHP\Library\Think\Model.class.php 第 1185 行.
NOTIC: [8] Undefined index: auto F:\Apache24\www\thinkphp_3.2.3_full\ThinkPHP\Library\Think\Model.class.php 第 1128 行.
SQL: INSERT INTO `dt_package` (`package_officialid`,`package_name`) VALUES ('324234','10G套餐') [ RunTime:0.0010s ]
SQL: SHOW COLUMNS FROM `dt_certification` [ RunTime:0.0070s ]
SQL: SELECT * FROM `dt_certification` left join dt_terminal on dt_terminal.terminal_id = dt_certification.certification_terminalid    [ RunTime:0.0000s ]
SQL: UPDATE `dt_certification` SET `certification_status`='已认证' WHERE ( certification_terminalid = 324234 ) [ RunTime:0.0000s ]

[ 2018-04-12T17:12:16+08:00 ] ::1 /thinkphp_3.2.3_full/index.php/Home/Index/Sh/smrz_sh/terminal_id/30
INFO: [ app_init ] --START--
INFO: Run Behavior\BuildLiteBehavior [ RunTime:0.000000s ]
INFO: [ app_init ] --END-- [ RunTime:0.001000s ]
INFO: [ app_begin ] --START--
INFO: Run Behavior\ReadHtmlCacheBehavior [ RunTime:0.001000s ]
INFO: [ app_begin ] --END-- [ RunTime:0.001000s ]
SQL: SHOW COLUMNS FROM `dt_terminal` [ RunTime:0.0060s ]
NOTIC: [8] Undefined index: terminal_id F:\Apache24\www\thinkphp_3.2.3_full\Application\Home\Controller\IndexController.class.php 第 43 行.
SQL: SELECT * FROM `dt_terminal`  [ RunTime:0.0010s ]
INFO: [ view_parse ] --START--
INFO: [ template_filter ] --START--
INFO: Run Behavior\ContentReplaceBehavior [ RunTime:0.000000s ]
INFO: [ template_filter ] --END-- [ RunTime:0.000000s ]
INFO: Run Behavior\ParseTemplateBehavior [ RunTime:0.009001s ]
INFO: [ view_parse ] --END-- [ RunTime:0.009001s ]
INFO: [ view_filter ] --START--
INFO: Run Behavior\WriteHtmlCacheBehavior [ RunTime:0.001000s ]
INFO: [ view_filter ] --END-- [ RunTime:0.001000s ]
INFO: [ app_end ] --START--
INFO: Run Behavior\ShowPageTraceBehavior [ RunTime:0.002000s ]
INFO: [ app_end ] --END-- [ RunTime:0.002000s ]

[ 2018-04-12T21:23:42+08:00 ] ::1 /thinkphp_3.2.3_full/index.php
INFO: [ app_init ] --START--
INFO: Run Behavior\BuildLiteBehavior [ RunTime:0.000000s ]
INFO: [ app_init ] --END-- [ RunTime:0.001000s ]
INFO: [ app_begin ] --START--
INFO: Run Behavior\ReadHtmlCacheBehavior [ RunTime:0.001001s ]
INFO: [ app_begin ] --END-- [ RunTime:0.001001s ]
SQL: SHOW COLUMNS FROM `dt_package` [ RunTime:0.0020s ]
SQL: SELECT * FROM `dt_package`  [ RunTime:0.0010s ]
INFO: [ view_parse ] --START--
INFO: [ template_filter ] --START--
INFO: Run Behavior\ContentReplaceBehavior [ RunTime:0.000000s ]
INFO: [ template_filter ] --END-- [ RunTime:0.000000s ]
INFO: Run Behavior\ParseTemplateBehavior [ RunTime:0.007000s ]
INFO: [ view_parse ] --END-- [ RunTime:0.007000s ]
INFO: [ view_filter ] --START--
INFO: Run Behavior\WriteHtmlCacheBehavior [ RunTime:0.000000s ]
INFO: [ view_filter ] --END-- [ RunTime:0.001000s ]
INFO: [ app_end ] --START--
INFO: Run Behavior\ShowPageTraceBehavior [ RunTime:0.001000s ]
INFO: [ app_end ] --END-- [ RunTime:0.001000s ]

[ 2018-04-12T21:23:49+08:00 ] ::1 /thinkphp_3.2.3_full/index.php/Home/Index/rz
INFO: [ app_init ] --START--
INFO: Run Behavior\BuildLiteBehavior [ RunTime:0.000000s ]
INFO: [ app_init ] --END-- [ RunTime:0.000000s ]
INFO: [ app_begin ] --START--
INFO: Run Behavior\ReadHtmlCacheBehavior [ RunTime:0.000000s ]
INFO: [ app_begin ] --END-- [ RunTime:0.000000s ]
SQL: SHOW COLUMNS FROM `dt_package` [ RunTime:0.0020s ]
SQL: SELECT * FROM `dt_package` WHERE `package_officialid` = 123 LIMIT 1   [ RunTime:0.0000s ]

[ 2018-04-12T21:23:55+08:00 ] ::1 /thinkphp_3.2.3_full/index.php/Home/Index/rz
INFO: [ app_init ] --START--
INFO: Run Behavior\BuildLiteBehavior [ RunTime:0.000000s ]
INFO: [ app_init ] --END-- [ RunTime:0.001000s ]
INFO: [ app_begin ] --START--
INFO: Run Behavior\ReadHtmlCacheBehavior [ RunTime:0.001000s ]
INFO: [ app_begin ] --END-- [ RunTime:0.001000s ]
SQL: SHOW COLUMNS FROM `dt_package` [ RunTime:0.0010s ]
SQL: SELECT * FROM `dt_package` WHERE `package_officialid` = 0 LIMIT 1   [ RunTime:0.0000s ]

[ 2018-04-12T21:25:54+08:00 ] ::1 /thinkphp_3.2.3_full/index.php/Home/Index/rz
INFO: [ app_init ] --START--
INFO: Run Behavior\BuildLiteBehavior [ RunTime:0.000000s ]
INFO: [ app_init ] --END-- [ RunTime:0.000000s ]
INFO: [ app_begin ] --START--
INFO: Run Behavior\ReadHtmlCacheBehavior [ RunTime:0.000000s ]
INFO: [ app_begin ] --END-- [ RunTime:0.001000s ]
SQL: SHOW COLUMNS FROM `dt_package` [ RunTime:0.0010s ]
SQL: SELECT * FROM `dt_package` WHERE `package_officialid` = 0 LIMIT 1   [ RunTime:0.0010s ]

[ 2018-04-12T21:26:06+08:00 ] ::1 /thinkphp_3.2.3_full/index.php/Home/Index/rz
INFO: [ app_init ] --START--
INFO: Run Behavior\BuildLiteBehavior [ RunTime:0.000000s ]
INFO: [ app_init ] --END-- [ RunTime:0.000000s ]
INFO: [ app_begin ] --START--
INFO: Run Behavior\ReadHtmlCacheBehavior [ RunTime:0.001000s ]
INFO: [ app_begin ] --END-- [ RunTime:0.001000s ]
SQL: SHOW COLUMNS FROM `dt_package` [ RunTime:0.0010s ]
SQL: SELECT * FROM `dt_package` WHERE `package_officialid` = 0 LIMIT 1   [ RunTime:0.0000s ]

[ 2018-04-12T21:26:09+08:00 ] ::1 /thinkphp_3.2.3_full/index.php/Home/Index/rz
INFO: [ app_init ] --START--
INFO: Run Behavior\BuildLiteBehavior [ RunTime:0.000000s ]
INFO: [ app_init ] --END-- [ RunTime:0.000000s ]
INFO: [ app_begin ] --START--
INFO: Run Behavior\ReadHtmlCacheBehavior [ RunTime:0.000000s ]
INFO: [ app_begin ] --END-- [ RunTime:0.000000s ]
SQL: SHOW COLUMNS FROM `dt_package` [ RunTime:0.0010s ]
SQL: SELECT * FROM `dt_package` WHERE `package_officialid` = 0 LIMIT 1   [ RunTime:0.0010s ]

[ 2018-04-12T21:28:34+08:00 ] ::1 /thinkphp_3.2.3_full/index.php/Home/Llcx/index
INFO: [ app_init ] --START--
INFO: Run Behavior\BuildLiteBehavior [ RunTime:0.000000s ]
INFO: [ app_init ] --END-- [ RunTime:0.000000s ]
INFO: [ app_begin ] --START--
INFO: Run Behavior\ReadHtmlCacheBehavior [ RunTime:0.000000s ]
INFO: [ app_begin ] --END-- [ RunTime:0.000000s ]
NOTIC: [8] Undefined index: terminal_outercode D:\wamp64\www\thinkphp_3.2.3_full\Application\Home\Controller\LlcxController.class.php 第 6 行.
SQL: SHOW COLUMNS FROM `dt_terminal` [ RunTime:0.0010s ]
SQL: SELECT `package_name`,`terminal_createtime`,`terminal_createtime`,`terminal_remaindata`,`terminal_username` FROM `dt_terminal` left join dt_package on dt_package.package_id  = dt_terminal.terminal_packageid  WHERE `terminal_outercode` = null LIMIT 1   [ RunTime:0.0000s ]
INFO: [ view_parse ] --START--
INFO: [ template_filter ] --START--
INFO: Run Behavior\ContentReplaceBehavior [ RunTime:0.000000s ]
INFO: [ template_filter ] --END-- [ RunTime:0.000000s ]
INFO: Run Behavior\ParseTemplateBehavior [ RunTime:0.006000s ]
INFO: [ view_parse ] --END-- [ RunTime:0.006000s ]
INFO: [ view_filter ] --START--
INFO: Run Behavior\WriteHtmlCacheBehavior [ RunTime:0.001000s ]
INFO: [ view_filter ] --END-- [ RunTime:0.001000s ]
INFO: [ app_end ] --START--
INFO: Run Behavior\ShowPageTraceBehavior [ RunTime:0.000000s ]
INFO: [ app_end ] --END-- [ RunTime:0.001000s ]

[ 2018-04-12T21:28:39+08:00 ] ::1 /thinkphp_3.2.3_full/index.php/Home/Index
INFO: [ app_init ] --START--
INFO: Run Behavior\BuildLiteBehavior [ RunTime:0.000000s ]
INFO: [ app_init ] --END-- [ RunTime:0.000000s ]
INFO: [ app_begin ] --START--
INFO: Run Behavior\ReadHtmlCacheBehavior [ RunTime:0.001000s ]
INFO: [ app_begin ] --END-- [ RunTime:0.001000s ]
SQL: SHOW COLUMNS FROM `dt_package` [ RunTime:0.0010s ]
SQL: SELECT * FROM `dt_package`  [ RunTime:0.0010s ]
INFO: [ view_parse ] --START--
INFO: [ template_filter ] --START--
INFO: Run Behavior\ContentReplaceBehavior [ RunTime:0.000000s ]
INFO: [ template_filter ] --END-- [ RunTime:0.000000s ]
INFO: Run Behavior\ParseTemplateBehavior [ RunTime:0.008001s ]
INFO: [ view_parse ] --END-- [ RunTime:0.008001s ]
INFO: [ view_filter ] --START--
INFO: Run Behavior\WriteHtmlCacheBehavior [ RunTime:0.001000s ]
INFO: [ view_filter ] --END-- [ RunTime:0.001000s ]
INFO: [ app_end ] --START--
INFO: Run Behavior\ShowPageTraceBehavior [ RunTime:0.001000s ]
INFO: [ app_end ] --END-- [ RunTime:0.001000s ]

[ 2018-04-12T21:37:22+08:00 ] ::1 /thinkphp_3.2.3_full/index.php/Home/Index
INFO: [ app_init ] --START--
INFO: Run Behavior\BuildLiteBehavior [ RunTime:0.000000s ]
INFO: [ app_init ] --END-- [ RunTime:0.000000s ]
INFO: [ app_begin ] --START--
INFO: Run Behavior\ReadHtmlCacheBehavior [ RunTime:0.000000s ]
INFO: [ app_begin ] --END-- [ RunTime:0.000000s ]
SQL: SHOW COLUMNS FROM `dt_package` [ RunTime:0.0020s ]
SQL: SELECT * FROM `dt_package`  [ RunTime:0.0010s ]
INFO: [ view_parse ] --START--
INFO: [ template_filter ] --START--
INFO: Run Behavior\ContentReplaceBehavior [ RunTime:0.000000s ]
INFO: [ template_filter ] --END-- [ RunTime:0.000000s ]
INFO: Run Behavior\ParseTemplateBehavior [ RunTime:0.007000s ]
INFO: [ view_parse ] --END-- [ RunTime:0.007000s ]
INFO: [ view_filter ] --START--
INFO: Run Behavior\WriteHtmlCacheBehavior [ RunTime:0.000000s ]
INFO: [ view_filter ] --END-- [ RunTime:0.001000s ]
INFO: [ app_end ] --START--
INFO: Run Behavior\ShowPageTraceBehavior [ RunTime:0.000000s ]
INFO: [ app_end ] --END-- [ RunTime:0.000000s ]

[ 2018-04-12T21:38:23+08:00 ] ::1 /thinkphp_3.2.3_full/index.php/Home/Index
INFO: [ app_init ] --START--
INFO: Run Behavior\BuildLiteBehavior [ RunTime:0.000000s ]
INFO: [ app_init ] --END-- [ RunTime:0.000000s ]
INFO: [ app_begin ] --START--
INFO: Run Behavior\ReadHtmlCacheBehavior [ RunTime:0.000000s ]
INFO: [ app_begin ] --END-- [ RunTime:0.000000s ]
SQL: SHOW COLUMNS FROM `dt_package` [ RunTime:0.0010s ]
SQL: SELECT * FROM `dt_package`  [ RunTime:0.0000s ]
INFO: [ view_parse ] --START--
INFO: [ template_filter ] --START--
INFO: Run Behavior\ContentReplaceBehavior [ RunTime:0.001000s ]
INFO: [ template_filter ] --END-- [ RunTime:0.001000s ]
INFO: Run Behavior\ParseTemplateBehavior [ RunTime:0.007001s ]
INFO: [ view_parse ] --END-- [ RunTime:0.007001s ]
INFO: [ view_filter ] --START--
INFO: Run Behavior\WriteHtmlCacheBehavior [ RunTime:0.000000s ]
INFO: [ view_filter ] --END-- [ RunTime:0.000000s ]
INFO: [ app_end ] --START--
INFO: Run Behavior\ShowPageTraceBehavior [ RunTime:0.000000s ]
INFO: [ app_end ] --END-- [ RunTime:0.001000s ]

[ 2018-04-12T21:38:35+08:00 ] ::1 /thinkphp_3.2.3_full/index.php/Home/Index/Add
INFO: [ app_init ] --START--
INFO: Run Behavior\BuildLiteBehavior [ RunTime:0.000000s ]
INFO: [ app_init ] --END-- [ RunTime:0.000000s ]
INFO: [ app_begin ] --START--
INFO: Run Behavior\ReadHtmlCacheBehavior [ RunTime:0.000000s ]
INFO: [ app_begin ] --END-- [ RunTime:0.000000s ]
SQL: SHOW COLUMNS FROM `dt_terminal` [ RunTime:0.0000s ]
SQL: SELECT * FROM `dt_terminal`  [ RunTime:0.0010s ]
NOTIC: [8] Undefined index: validate D:\wamp64\www\thinkphp_3.2.3_full\ThinkPHP\Library\Think\Model.class.php 第 1185 行.
NOTIC: [8] Undefined index: auto D:\wamp64\www\thinkphp_3.2.3_full\ThinkPHP\Library\Think\Model.class.php 第 1128 行.
SQL: INSERT INTO `dt_terminal` (`terminal_username`,`terminal_phone`) VALUES ('45353','13562352125') [ RunTime:0.0790s ]
SQL: SHOW COLUMNS FROM `dt_package` [ RunTime:0.0010s ]
NOTIC: [8] Undefined index: validate D:\wamp64\www\thinkphp_3.2.3_full\ThinkPHP\Library\Think\Model.class.php 第 1185 行.
NOTIC: [8] Undefined index: auto D:\wamp64\www\thinkphp_3.2.3_full\ThinkPHP\Library\Think\Model.class.php 第 1128 行.
ERR: 1364:Field 'package_officialid' doesn't have a default value
 [ SQL语句 ] : INSERT INTO `dt_package` (`package_name`) VALUES ('10G套餐')
ERR: 1364:Field 'package_officialid' doesn't have a default value
 [ SQL语句 ] : INSERT INTO `dt_package` (`package_name`) VALUES ('10G套餐')

[ 2018-04-12T21:47:52+08:00 ] ::1 /thinkphp_3.2.3_full/index.php/Home/Index
INFO: [ app_init ] --START--
INFO: Run Behavior\BuildLiteBehavior [ RunTime:0.000000s ]
INFO: [ app_init ] --END-- [ RunTime:0.001000s ]
INFO: [ app_begin ] --START--
INFO: Run Behavior\ReadHtmlCacheBehavior [ RunTime:0.001000s ]
INFO: [ app_begin ] --END-- [ RunTime:0.001000s ]
SQL: SHOW COLUMNS FROM `dt_package` [ RunTime:0.0010s ]
SQL: SELECT * FROM `dt_package`  [ RunTime:0.0000s ]
INFO: [ view_parse ] --START--
INFO: [ template_filter ] --START--
INFO: Run Behavior\ContentReplaceBehavior [ RunTime:0.000000s ]
INFO: [ template_filter ] --END-- [ RunTime:0.001000s ]
INFO: Run Behavior\ParseTemplateBehavior [ RunTime:0.008000s ]
INFO: [ view_parse ] --END-- [ RunTime:0.008000s ]
INFO: [ view_filter ] --START--
INFO: Run Behavior\WriteHtmlCacheBehavior [ RunTime:0.000000s ]
INFO: [ view_filter ] --END-- [ RunTime:0.000000s ]
INFO: [ app_end ] --START--
INFO: Run Behavior\ShowPageTraceBehavior [ RunTime:0.000000s ]
INFO: [ app_end ] --END-- [ RunTime:0.000000s ]

[ 2018-04-12T21:55:39+08:00 ] ::1 /thinkphp_3.2.3_full/index.php/Home/Index
INFO: [ app_init ] --START--
INFO: Run Behavior\BuildLiteBehavior [ RunTime:0.000000s ]
INFO: [ app_init ] --END-- [ RunTime:0.001000s ]
INFO: [ app_begin ] --START--
INFO: Run Behavior\ReadHtmlCacheBehavior [ RunTime:0.000000s ]
INFO: [ app_begin ] --END-- [ RunTime:0.001000s ]
SQL: SHOW COLUMNS FROM `dt_package` [ RunTime:0.0020s ]
SQL: SELECT * FROM `dt_package`  [ RunTime:0.0010s ]
INFO: [ view_parse ] --START--
INFO: [ template_filter ] --START--
INFO: Run Behavior\ContentReplaceBehavior [ RunTime:0.000000s ]
INFO: [ template_filter ] --END-- [ RunTime:0.001000s ]
INFO: Run Behavior\ParseTemplateBehavior [ RunTime:0.009000s ]
INFO: [ view_parse ] --END-- [ RunTime:0.009000s ]
INFO: [ view_filter ] --START--
INFO: Run Behavior\WriteHtmlCacheBehavior [ RunTime:0.000000s ]
INFO: [ view_filter ] --END-- [ RunTime:0.000000s ]
INFO: [ app_end ] --START--
INFO: Run Behavior\ShowPageTraceBehavior [ RunTime:0.000000s ]
INFO: [ app_end ] --END-- [ RunTime:0.001000s ]

[ 2018-04-12T21:55:45+08:00 ] ::1 /thinkphp_3.2.3_full/index.php/Home/Index/rz
INFO: [ app_init ] --START--
INFO: Run Behavior\BuildLiteBehavior [ RunTime:0.000000s ]
INFO: [ app_init ] --END-- [ RunTime:0.000000s ]
INFO: [ app_begin ] --START--
INFO: Run Behavior\ReadHtmlCacheBehavior [ RunTime:0.000000s ]
INFO: [ app_begin ] --END-- [ RunTime:0.000000s ]
SQL: SHOW COLUMNS FROM `dt_terminal` [ RunTime:0.0010s ]
SQL: SELECT * FROM `dt_terminal` WHERE `terminal_outercode` = '55555' LIMIT 1   [ RunTime:0.0000s ]

[ 2018-04-12T21:55:51+08:00 ] ::1 /thinkphp_3.2.3_full/index.php/Home/Index/rz
INFO: [ app_init ] --START--
INFO: Run Behavior\BuildLiteBehavior [ RunTime:0.000000s ]
INFO: [ app_init ] --END-- [ RunTime:0.000000s ]
INFO: [ app_begin ] --START--
INFO: Run Behavior\ReadHtmlCacheBehavior [ RunTime:0.000000s ]
INFO: [ app_begin ] --END-- [ RunTime:0.000000s ]
SQL: SHOW COLUMNS FROM `dt_terminal` [ RunTime:0.0020s ]
SQL: SELECT * FROM `dt_terminal` WHERE `terminal_outercode` = '7777' LIMIT 1   [ RunTime:0.0000s ]

[ 2018-04-12T21:55:52+08:00 ] ::1 /thinkphp_3.2.3_full/index.php/Home/Index
INFO: [ app_init ] --START--
INFO: Run Behavior\BuildLiteBehavior [ RunTime:0.000000s ]
INFO: [ app_init ] --END-- [ RunTime:0.000000s ]
INFO: [ app_begin ] --START--
INFO: Run Behavior\ReadHtmlCacheBehavior [ RunTime:0.000000s ]
INFO: [ app_begin ] --END-- [ RunTime:0.000000s ]
SQL: SHOW COLUMNS FROM `dt_package` [ RunTime:0.0010s ]
SQL: SELECT * FROM `dt_package`  [ RunTime:0.0010s ]
INFO: [ view_parse ] --START--
INFO: [ template_filter ] --START--
INFO: Run Behavior\ContentReplaceBehavior [ RunTime:0.000000s ]
INFO: [ template_filter ] --END-- [ RunTime:0.000000s ]
INFO: Run Behavior\ParseTemplateBehavior [ RunTime:0.008001s ]
INFO: [ view_parse ] --END-- [ RunTime:0.008001s ]
INFO: [ view_filter ] --START--
INFO: Run Behavior\WriteHtmlCacheBehavior [ RunTime:0.000000s ]
INFO: [ view_filter ] --END-- [ RunTime:0.001000s ]
INFO: [ app_end ] --START--
INFO: Run Behavior\ShowPageTraceBehavior [ RunTime:0.000000s ]
INFO: [ app_end ] --END-- [ RunTime:0.000000s ]

[ 2018-04-12T21:55:57+08:00 ] ::1 /thinkphp_3.2.3_full/index.php/Home/Index/rz
INFO: [ app_init ] --START--
INFO: Run Behavior\BuildLiteBehavior [ RunTime:0.000000s ]
INFO: [ app_init ] --END-- [ RunTime:0.000000s ]
INFO: [ app_begin ] --START--
INFO: Run Behavior\ReadHtmlCacheBehavior [ RunTime:0.000000s ]
INFO: [ app_begin ] --END-- [ RunTime:0.000000s ]
SQL: SHOW COLUMNS FROM `dt_terminal` [ RunTime:0.0010s ]
SQL: SELECT * FROM `dt_terminal` WHERE `terminal_outercode` = '7777' LIMIT 1   [ RunTime:0.0000s ]

[ 2018-04-12T21:55:59+08:00 ] ::1 /thinkphp_3.2.3_full/index.php/Home/Index/rz
INFO: [ app_init ] --START--
INFO: Run Behavior\BuildLiteBehavior [ RunTime:0.000000s ]
INFO: [ app_init ] --END-- [ RunTime:0.000000s ]
INFO: [ app_begin ] --START--
INFO: Run Behavior\ReadHtmlCacheBehavior [ RunTime:0.001000s ]
INFO: [ app_begin ] --END-- [ RunTime:0.001000s ]
SQL: SHOW COLUMNS FROM `dt_terminal` [ RunTime:0.0020s ]
SQL: SELECT * FROM `dt_terminal` WHERE `terminal_outercode` = '7777' LIMIT 1   [ RunTime:0.0010s ]

[ 2018-04-12T21:56:00+08:00 ] ::1 /thinkphp_3.2.3_full/index.php/Home/Index
INFO: [ app_init ] --START--
INFO: Run Behavior\BuildLiteBehavior [ RunTime:0.000000s ]
INFO: [ app_init ] --END-- [ RunTime:0.000000s ]
INFO: [ app_begin ] --START--
INFO: Run Behavior\ReadHtmlCacheBehavior [ RunTime:0.000000s ]
INFO: [ app_begin ] --END-- [ RunTime:0.000000s ]
SQL: SHOW COLUMNS FROM `dt_package` [ RunTime:0.0010s ]
SQL: SELECT * FROM `dt_package`  [ RunTime:0.0000s ]
INFO: [ view_parse ] --START--
INFO: [ template_filter ] --START--
INFO: Run Behavior\ContentReplaceBehavior [ RunTime:0.000000s ]
INFO: [ template_filter ] --END-- [ RunTime:0.000000s ]
INFO: Run Behavior\ParseTemplateBehavior [ RunTime:0.008000s ]
INFO: [ view_parse ] --END-- [ RunTime:0.008000s ]
INFO: [ view_filter ] --START--
INFO: Run Behavior\WriteHtmlCacheBehavior [ RunTime:0.000000s ]
INFO: [ view_filter ] --END-- [ RunTime:0.000000s ]
INFO: [ app_end ] --START--
INFO: Run Behavior\ShowPageTraceBehavior [ RunTime:0.001000s ]
INFO: [ app_end ] --END-- [ RunTime:0.001000s ]

[ 2018-04-12T21:56:03+08:00 ] ::1 /thinkphp_3.2.3_full/index.php/Home/Index/rz
INFO: [ app_init ] --START--
INFO: Run Behavior\BuildLiteBehavior [ RunTime:0.000000s ]
INFO: [ app_init ] --END-- [ RunTime:0.000000s ]
INFO: [ app_begin ] --START--
INFO: Run Behavior\ReadHtmlCacheBehavior [ RunTime:0.000000s ]
INFO: [ app_begin ] --END-- [ RunTime:0.000000s ]
SQL: SHOW COLUMNS FROM `dt_terminal` [ RunTime:0.0010s ]
SQL: SELECT * FROM `dt_terminal` WHERE `terminal_outercode` = '32' LIMIT 1   [ RunTime:0.0000s ]

[ 2018-04-12T21:56:11+08:00 ] ::1 /thinkphp_3.2.3_full/index.php/Home/Index/rz
INFO: [ app_init ] --START--
INFO: Run Behavior\BuildLiteBehavior [ RunTime:0.000000s ]
INFO: [ app_init ] --END-- [ RunTime:0.000000s ]
INFO: [ app_begin ] --START--
INFO: Run Behavior\ReadHtmlCacheBehavior [ RunTime:0.000000s ]
INFO: [ app_begin ] --END-- [ RunTime:0.000000s ]
SQL: SHOW COLUMNS FROM `dt_terminal` [ RunTime:0.0020s ]
SQL: SELECT * FROM `dt_terminal` WHERE `terminal_outercode` = '' LIMIT 1   [ RunTime:0.0010s ]

[ 2018-04-12T21:59:21+08:00 ] ::1 /thinkphp_3.2.3_full/index.php/Home/Index/rz
INFO: [ app_init ] --START--
INFO: Run Behavior\BuildLiteBehavior [ RunTime:0.000000s ]
INFO: [ app_init ] --END-- [ RunTime:0.001001s ]
INFO: [ app_begin ] --START--
INFO: Run Behavior\ReadHtmlCacheBehavior [ RunTime:0.001000s ]
INFO: [ app_begin ] --END-- [ RunTime:0.001000s ]
SQL: SHOW COLUMNS FROM `dt_terminal` [ RunTime:0.0020s ]
SQL: SELECT * FROM `dt_terminal` WHERE `terminal_outercode` = '123456' LIMIT 1   [ RunTime:0.0000s ]

[ 2018-04-12T21:59:23+08:00 ] ::1 /thinkphp_3.2.3_full/index.php/Home/Index/rz
INFO: [ app_init ] --START--
INFO: Run Behavior\BuildLiteBehavior [ RunTime:0.000000s ]
INFO: [ app_init ] --END-- [ RunTime:0.000000s ]
INFO: [ app_begin ] --START--
INFO: Run Behavior\ReadHtmlCacheBehavior [ RunTime:0.001000s ]
INFO: [ app_begin ] --END-- [ RunTime:0.001000s ]
SQL: SHOW COLUMNS FROM `dt_terminal` [ RunTime:0.0010s ]
SQL: SELECT * FROM `dt_terminal` WHERE `terminal_outercode` = '123456' LIMIT 1   [ RunTime:0.0000s ]

[ 2018-04-12T21:59:24+08:00 ] ::1 /thinkphp_3.2.3_full/index.php/Home/Index/rz
INFO: [ app_init ] --START--
INFO: Run Behavior\BuildLiteBehavior [ RunTime:0.000000s ]
INFO: [ app_init ] --END-- [ RunTime:0.000000s ]
INFO: [ app_begin ] --START--
INFO: Run Behavior\ReadHtmlCacheBehavior [ RunTime:0.000000s ]
INFO: [ app_begin ] --END-- [ RunTime:0.000000s ]
SQL: SHOW COLUMNS FROM `dt_terminal` [ RunTime:0.0010s ]
SQL: SELECT * FROM `dt_terminal` WHERE `terminal_outercode` = '123456' LIMIT 1   [ RunTime:0.0010s ]

[ 2018-04-12T21:59:26+08:00 ] ::1 /thinkphp_3.2.3_full/index.php/Home/Index/rz
INFO: [ app_init ] --START--
INFO: Run Behavior\BuildLiteBehavior [ RunTime:0.000000s ]
INFO: [ app_init ] --END-- [ RunTime:0.001000s ]
INFO: [ app_begin ] --START--
INFO: Run Behavior\ReadHtmlCacheBehavior [ RunTime:0.000000s ]
INFO: [ app_begin ] --END-- [ RunTime:0.000000s ]
SQL: SHOW COLUMNS FROM `dt_terminal` [ RunTime:0.0020s ]
SQL: SELECT * FROM `dt_terminal` WHERE `terminal_outercode` = '123456' LIMIT 1   [ RunTime:0.0010s ]

[ 2018-04-12T22:00:33+08:00 ] ::1 /thinkphp_3.2.3_full/index.php/Home/Index/rz
INFO: [ app_init ] --START--
INFO: Run Behavior\BuildLiteBehavior [ RunTime:0.000000s ]
INFO: [ app_init ] --END-- [ RunTime:0.001000s ]
INFO: [ app_begin ] --START--
INFO: Run Behavior\ReadHtmlCacheBehavior [ RunTime:0.000000s ]
INFO: [ app_begin ] --END-- [ RunTime:0.001000s ]
SQL: SHOW COLUMNS FROM `dt_terminal` [ RunTime:0.0020s ]
SQL: SELECT * FROM `dt_terminal` WHERE `terminal_outercode` = '123456' LIMIT 1   [ RunTime:0.0010s ]

[ 2018-04-12T22:00:59+08:00 ] ::1 /thinkphp_3.2.3_full/index.php/Home/Index/Add
INFO: [ app_init ] --START--
INFO: Run Behavior\BuildLiteBehavior [ RunTime:0.000000s ]
INFO: [ app_init ] --END-- [ RunTime:0.001000s ]
INFO: [ app_begin ] --START--
INFO: Run Behavior\ReadHtmlCacheBehavior [ RunTime:0.000000s ]
INFO: [ app_begin ] --END-- [ RunTime:0.001000s ]
SQL: SHOW COLUMNS FROM `dt_terminal` [ RunTime:0.0030s ]
SQL: SELECT * FROM `dt_terminal`  [ RunTime:0.0010s ]
NOTIC: [8] Undefined index: validate D:\wamp64\www\thinkphp_3.2.3_full\ThinkPHP\Library\Think\Model.class.php 第 1185 行.
NOTIC: [8] Undefined index: auto D:\wamp64\www\thinkphp_3.2.3_full\ThinkPHP\Library\Think\Model.class.php 第 1128 行.
SQL: INSERT INTO `dt_terminal` (`terminal_username`,`terminal_phone`) VALUES ('546','13562352125') [ RunTime:0.1520s ]
SQL: SHOW COLUMNS FROM `dt_package` [ RunTime:0.0930s ]
NOTIC: [8] Undefined index: validate D:\wamp64\www\thinkphp_3.2.3_full\ThinkPHP\Library\Think\Model.class.php 第 1185 行.
NOTIC: [8] Undefined index: auto D:\wamp64\www\thinkphp_3.2.3_full\ThinkPHP\Library\Think\Model.class.php 第 1128 行.
ERR: 1364:Field 'package_officialid' doesn't have a default value
 [ SQL语句 ] : INSERT INTO `dt_package` (`package_name`) VALUES ('10G套餐')
ERR: 1364:Field 'package_officialid' doesn't have a default value
 [ SQL语句 ] : INSERT INTO `dt_package` (`package_name`) VALUES ('10G套餐')

[ 2018-04-12T22:02:46+08:00 ] ::1 /thinkphp_3.2.3_full/index.php/Home/Index
INFO: [ app_init ] --START--
INFO: Run Behavior\BuildLiteBehavior [ RunTime:0.000000s ]
INFO: [ app_init ] --END-- [ RunTime:0.010000s ]
INFO: [ app_begin ] --START--
INFO: Run Behavior\ReadHtmlCacheBehavior [ RunTime:0.001000s ]
INFO: [ app_begin ] --END-- [ RunTime:0.001000s ]
SQL: SHOW COLUMNS FROM `dt_package` [ RunTime:0.0010s ]
SQL: SELECT * FROM `dt_package`  [ RunTime:0.0000s ]
INFO: [ view_parse ] --START--
INFO: [ template_filter ] --START--
INFO: Run Behavior\ContentReplaceBehavior [ RunTime:0.000000s ]
INFO: [ template_filter ] --END-- [ RunTime:0.000000s ]
INFO: Run Behavior\ParseTemplateBehavior [ RunTime:0.008000s ]
INFO: [ view_parse ] --END-- [ RunTime:0.008000s ]
INFO: [ view_filter ] --START--
INFO: Run Behavior\WriteHtmlCacheBehavior [ RunTime:0.000000s ]
INFO: [ view_filter ] --END-- [ RunTime:0.000000s ]
INFO: [ app_end ] --START--
INFO: Run Behavior\ShowPageTraceBehavior [ RunTime:0.000000s ]
INFO: [ app_end ] --END-- [ RunTime:0.001000s ]

[ 2018-04-12T22:02:50+08:00 ] ::1 /thinkphp_3.2.3_full/index.php/Home/Index/rz
INFO: [ app_init ] --START--
INFO: Run Behavior\BuildLiteBehavior [ RunTime:0.000000s ]
INFO: [ app_init ] --END-- [ RunTime:0.000000s ]
INFO: [ app_begin ] --START--
INFO: Run Behavior\ReadHtmlCacheBehavior [ RunTime:0.001000s ]
INFO: [ app_begin ] --END-- [ RunTime:0.001000s ]
SQL: SHOW COLUMNS FROM `dt_terminal` [ RunTime:0.0010s ]
SQL: SELECT * FROM `dt_terminal` WHERE `terminal_outercode` = '12123' LIMIT 1   [ RunTime:0.0010s ]

[ 2018-04-12T22:02:57+08:00 ] ::1 /thinkphp_3.2.3_full/index.php/Home/Index/Add
INFO: [ app_init ] --START--
INFO: Run Behavior\BuildLiteBehavior [ RunTime:0.000000s ]
INFO: [ app_init ] --END-- [ RunTime:0.000000s ]
INFO: [ app_begin ] --START--
INFO: Run Behavior\ReadHtmlCacheBehavior [ RunTime:0.000000s ]
INFO: [ app_begin ] --END-- [ RunTime:0.000000s ]
SQL: SHOW COLUMNS FROM `dt_terminal` [ RunTime:0.0010s ]
SQL: SELECT * FROM `dt_terminal`  [ RunTime:0.0000s ]
NOTIC: [8] Undefined index: validate D:\wamp64\www\thinkphp_3.2.3_full\ThinkPHP\Library\Think\Model.class.php 第 1185 行.
NOTIC: [8] Undefined index: auto D:\wamp64\www\thinkphp_3.2.3_full\ThinkPHP\Library\Think\Model.class.php 第 1128 行.
SQL: INSERT INTO `dt_terminal` (`terminal_outercode`,`terminal_username`,`terminal_phone`) VALUES ('12123','545454','13562352125') [ RunTime:0.1240s ]
SQL: SHOW COLUMNS FROM `dt_package` [ RunTime:0.0010s ]
NOTIC: [8] Undefined index: validate D:\wamp64\www\thinkphp_3.2.3_full\ThinkPHP\Library\Think\Model.class.php 第 1185 行.
NOTIC: [8] Undefined index: auto D:\wamp64\www\thinkphp_3.2.3_full\ThinkPHP\Library\Think\Model.class.php 第 1128 行.
ERR: 1364:Field 'package_officialid' doesn't have a default value
 [ SQL语句 ] : INSERT INTO `dt_package` (`package_name`) VALUES ('10G套餐')
ERR: 1364:Field 'package_officialid' doesn't have a default value
 [ SQL语句 ] : INSERT INTO `dt_package` (`package_name`) VALUES ('10G套餐')

[ 2018-04-12T22:23:12+08:00 ] ::1 /thinkphp_3.2.3_full/index.php/Home/Index/Add
INFO: [ app_init ] --START--
INFO: Run Behavior\BuildLiteBehavior [ RunTime:0.000000s ]
INFO: [ app_init ] --END-- [ RunTime:0.000000s ]
INFO: [ app_begin ] --START--
INFO: Run Behavior\ReadHtmlCacheBehavior [ RunTime:0.000000s ]
INFO: [ app_begin ] --END-- [ RunTime:0.000000s ]
NOTIC: [8] Undefined index: terminal_outercode D:\wamp64\www\thinkphp_3.2.3_full\Application\Home\Controller\IndexController.class.php 第 12 行.
NOTIC: [8] Undefined index: terminal_username D:\wamp64\www\thinkphp_3.2.3_full\Application\Home\Controller\IndexController.class.php 第 13 行.
NOTIC: [8] Undefined index: package_name D:\wamp64\www\thinkphp_3.2.3_full\Application\Home\Controller\IndexController.class.php 第 14 行.
NOTIC: [8] Undefined index: terminal_phone D:\wamp64\www\thinkphp_3.2.3_full\Application\Home\Controller\IndexController.class.php 第 15 行.
SQL: SHOW COLUMNS FROM `dt_terminal` [ RunTime:0.0010s ]
SQL: SELECT * FROM `dt_terminal`  [ RunTime:0.0010s ]
NOTIC: [8] Undefined index: terminal_outercode D:\wamp64\www\thinkphp_3.2.3_full\Application\Home\Controller\IndexController.class.php 第 20 行.
NOTIC: [8] Undefined index: validate D:\wamp64\www\thinkphp_3.2.3_full\ThinkPHP\Library\Think\Model.class.php 第 1185 行.
NOTIC: [8] Undefined index: auto D:\wamp64\www\thinkphp_3.2.3_full\ThinkPHP\Library\Think\Model.class.php 第 1128 行.
SQL: INSERT INTO `dt_terminal` (`terminal_outercode`,`terminal_username`,`terminal_phone`) VALUES (NULL,NULL,NULL) [ RunTime:0.0820s ]
SQL: SHOW COLUMNS FROM `dt_package` [ RunTime:0.0020s ]
NOTIC: [8] Undefined index: validate D:\wamp64\www\thinkphp_3.2.3_full\ThinkPHP\Library\Think\Model.class.php 第 1185 行.
NOTIC: [8] Undefined index: auto D:\wamp64\www\thinkphp_3.2.3_full\ThinkPHP\Library\Think\Model.class.php 第 1128 行.
SQL: SHOW COLUMNS FROM `dt_certification` [ RunTime:0.0010s ]
SQL: SELECT * FROM `dt_certification` left join dt_terminal on dt_terminal.terminal_id = dt_certification.certification_terminalid    [ RunTime:0.0000s ]
NOTIC: [8] Undefined index: terminal_id D:\wamp64\www\thinkphp_3.2.3_full\Application\Home\Controller\IndexController.class.php 第 33 行.

[ 2018-04-12T22:23:12+08:00 ] ::1 /thinkphp_3.2.3_full/index.php/Home/Index/Sh/smrz_sh/terminal_id/34
INFO: [ app_init ] --START--
INFO: Run Behavior\BuildLiteBehavior [ RunTime:0.000000s ]
INFO: [ app_init ] --END-- [ RunTime:0.001000s ]
INFO: [ app_begin ] --START--
INFO: Run Behavior\ReadHtmlCacheBehavior [ RunTime:0.000000s ]
INFO: [ app_begin ] --END-- [ RunTime:0.000000s ]
SQL: SHOW COLUMNS FROM `dt_terminal` [ RunTime:0.0020s ]
NOTIC: [8] Undefined index: terminal_id D:\wamp64\www\thinkphp_3.2.3_full\Application\Home\Controller\IndexController.class.php 第 44 行.
SQL: SELECT * FROM `dt_terminal`  [ RunTime:0.0010s ]
INFO: [ view_parse ] --START--
INFO: [ template_filter ] --START--
INFO: Run Behavior\ContentReplaceBehavior [ RunTime:0.000000s ]
INFO: [ template_filter ] --END-- [ RunTime:0.000000s ]
INFO: Run Behavior\ParseTemplateBehavior [ RunTime:0.006000s ]
INFO: [ view_parse ] --END-- [ RunTime:0.007000s ]
INFO: [ view_filter ] --START--
INFO: Run Behavior\WriteHtmlCacheBehavior [ RunTime:0.000000s ]
INFO: [ view_filter ] --END-- [ RunTime:0.000000s ]
INFO: [ app_end ] --START--
INFO: Run Behavior\ShowPageTraceBehavior [ RunTime:0.001000s ]
INFO: [ app_end ] --END-- [ RunTime:0.001000s ]

[ 2018-04-12T22:26:56+08:00 ] ::1 /thinkphp_3.2.3_full/index.php/Home/Index/
INFO: [ app_init ] --START--
INFO: Run Behavior\BuildLiteBehavior [ RunTime:0.000000s ]
INFO: [ app_init ] --END-- [ RunTime:0.001000s ]
INFO: [ app_begin ] --START--
INFO: Run Behavior\ReadHtmlCacheBehavior [ RunTime:0.001001s ]
INFO: [ app_begin ] --END-- [ RunTime:0.001001s ]
SQL: SHOW COLUMNS FROM `dt_package` [ RunTime:0.0010s ]
SQL: SELECT * FROM `dt_package`  [ RunTime:0.0010s ]
INFO: [ view_parse ] --START--
INFO: [ template_filter ] --START--
INFO: Run Behavior\ContentReplaceBehavior [ RunTime:0.000000s ]
INFO: [ template_filter ] --END-- [ RunTime:0.000000s ]
INFO: Run Behavior\ParseTemplateBehavior [ RunTime:0.007001s ]
INFO: [ view_parse ] --END-- [ RunTime:0.008001s ]
INFO: [ view_filter ] --START--
INFO: Run Behavior\WriteHtmlCacheBehavior [ RunTime:0.001000s ]
INFO: [ view_filter ] --END-- [ RunTime:0.001000s ]
INFO: [ app_end ] --START--
INFO: Run Behavior\ShowPageTraceBehavior [ RunTime:0.000000s ]
INFO: [ app_end ] --END-- [ RunTime:0.001000s ]

[ 2018-04-12T22:27:04+08:00 ] ::1 /thinkphp_3.2.3_full/index.php/Home/Index/rz
INFO: [ app_init ] --START--
INFO: Run Behavior\BuildLiteBehavior [ RunTime:0.000000s ]
INFO: [ app_init ] --END-- [ RunTime:0.000000s ]
INFO: [ app_begin ] --START--
INFO: Run Behavior\ReadHtmlCacheBehavior [ RunTime:0.000000s ]
INFO: [ app_begin ] --END-- [ RunTime:0.000000s ]
SQL: SHOW COLUMNS FROM `dt_terminal` [ RunTime:0.0000s ]
SQL: SELECT * FROM `dt_terminal` WHERE `terminal_outercode` = '7777' LIMIT 1   [ RunTime:0.0000s ]

[ 2018-04-12T22:27:08+08:00 ] ::1 /thinkphp_3.2.3_full/index.php/Home/Index/rz
INFO: [ app_init ] --START--
INFO: Run Behavior\BuildLiteBehavior [ RunTime:0.000000s ]
INFO: [ app_init ] --END-- [ RunTime:0.000000s ]
INFO: [ app_begin ] --START--
INFO: Run Behavior\ReadHtmlCacheBehavior [ RunTime:0.000000s ]
INFO: [ app_begin ] --END-- [ RunTime:0.000000s ]
SQL: SHOW COLUMNS FROM `dt_terminal` [ RunTime:0.0010s ]
SQL: SELECT * FROM `dt_terminal` WHERE `terminal_outercode` = '7777' LIMIT 1   [ RunTime:0.0000s ]

[ 2018-04-12T22:27:11+08:00 ] ::1 /thinkphp_3.2.3_full/index.php/Home/Index/rz
INFO: [ app_init ] --START--
INFO: Run Behavior\BuildLiteBehavior [ RunTime:0.000000s ]
INFO: [ app_init ] --END-- [ RunTime:0.000000s ]
INFO: [ app_begin ] --START--
INFO: Run Behavior\ReadHtmlCacheBehavior [ RunTime:0.000000s ]
INFO: [ app_begin ] --END-- [ RunTime:0.000000s ]
SQL: SHOW COLUMNS FROM `dt_terminal` [ RunTime:0.0010s ]
SQL: SELECT * FROM `dt_terminal` WHERE `terminal_outercode` = '7777' LIMIT 1   [ RunTime:0.0010s ]

[ 2018-04-12T22:31:29+08:00 ] ::1 /thinkphp_3.2.3_full/index.php/Home/Index/rz
INFO: [ app_init ] --START--
INFO: Run Behavior\BuildLiteBehavior [ RunTime:0.000000s ]
INFO: [ app_init ] --END-- [ RunTime:0.010000s ]
INFO: [ app_begin ] --START--
INFO: Run Behavior\ReadHtmlCacheBehavior [ RunTime:0.000000s ]
INFO: [ app_begin ] --END-- [ RunTime:0.001000s ]
SQL: SHOW COLUMNS FROM `dt_terminal` [ RunTime:0.0010s ]
ERR: Think\Model:filed方法不存在！

[ 2018-04-12T22:31:35+08:00 ] ::1 /thinkphp_3.2.3_full/index.php/Home/Index/
INFO: [ app_init ] --START--
INFO: Run Behavior\BuildLiteBehavior [ RunTime:0.000000s ]
INFO: [ app_init ] --END-- [ RunTime:0.000000s ]
INFO: [ app_begin ] --START--
INFO: Run Behavior\ReadHtmlCacheBehavior [ RunTime:0.000000s ]
INFO: [ app_begin ] --END-- [ RunTime:0.000000s ]
SQL: SHOW COLUMNS FROM `dt_package` [ RunTime:0.0000s ]
SQL: SELECT * FROM `dt_package`  [ RunTime:0.0010s ]
INFO: [ view_parse ] --START--
INFO: [ template_filter ] --START--
INFO: Run Behavior\ContentReplaceBehavior [ RunTime:0.000000s ]
INFO: [ template_filter ] --END-- [ RunTime:0.001000s ]
INFO: Run Behavior\ParseTemplateBehavior [ RunTime:0.006000s ]
INFO: [ view_parse ] --END-- [ RunTime:0.008000s ]
INFO: [ view_filter ] --START--
INFO: Run Behavior\WriteHtmlCacheBehavior [ RunTime:0.000000s ]
INFO: [ view_filter ] --END-- [ RunTime:0.000000s ]
INFO: [ app_end ] --START--
INFO: Run Behavior\ShowPageTraceBehavior [ RunTime:0.001001s ]
INFO: [ app_end ] --END-- [ RunTime:0.001001s ]

[ 2018-04-12T22:31:41+08:00 ] ::1 /thinkphp_3.2.3_full/index.php/Home/Index/rz
INFO: [ app_init ] --START--
INFO: Run Behavior\BuildLiteBehavior [ RunTime:0.000000s ]
INFO: [ app_init ] --END-- [ RunTime:0.001000s ]
INFO: [ app_begin ] --START--
INFO: Run Behavior\ReadHtmlCacheBehavior [ RunTime:0.000000s ]
INFO: [ app_begin ] --END-- [ RunTime:0.000000s ]
SQL: SHOW COLUMNS FROM `dt_terminal` [ RunTime:0.0000s ]
ERR: Think\Model:filed方法不存在！

[ 2018-04-12T22:31:42+08:00 ] ::1 /thinkphp_3.2.3_full/index.php/Home/Index/rz
INFO: [ app_init ] --START--
INFO: Run Behavior\BuildLiteBehavior [ RunTime:0.000000s ]
INFO: [ app_init ] --END-- [ RunTime:0.000000s ]
INFO: [ app_begin ] --START--
INFO: Run Behavior\ReadHtmlCacheBehavior [ RunTime:0.000000s ]
INFO: [ app_begin ] --END-- [ RunTime:0.000000s ]
SQL: SHOW COLUMNS FROM `dt_terminal` [ RunTime:0.0000s ]
ERR: Think\Model:filed方法不存在！

[ 2018-04-12T22:31:44+08:00 ] ::1 /thinkphp_3.2.3_full/index.php/Home/Index/rz
INFO: [ app_init ] --START--
INFO: Run Behavior\BuildLiteBehavior [ RunTime:0.000000s ]
INFO: [ app_init ] --END-- [ RunTime:0.000000s ]
INFO: [ app_begin ] --START--
INFO: Run Behavior\ReadHtmlCacheBehavior [ RunTime:0.000000s ]
INFO: [ app_begin ] --END-- [ RunTime:0.000000s ]
SQL: SHOW COLUMNS FROM `dt_terminal` [ RunTime:0.0010s ]
ERR: Think\Model:filed方法不存在！

[ 2018-04-12T22:31:44+08:00 ] ::1 /thinkphp_3.2.3_full/index.php/Home/Index/rz
INFO: [ app_init ] --START--
INFO: Run Behavior\BuildLiteBehavior [ RunTime:0.000000s ]
INFO: [ app_init ] --END-- [ RunTime:0.000000s ]
INFO: [ app_begin ] --START--
INFO: Run Behavior\ReadHtmlCacheBehavior [ RunTime:0.000000s ]
INFO: [ app_begin ] --END-- [ RunTime:0.000000s ]
SQL: SHOW COLUMNS FROM `dt_terminal` [ RunTime:0.0010s ]
ERR: Think\Model:filed方法不存在！

[ 2018-04-12T22:31:45+08:00 ] ::1 /thinkphp_3.2.3_full/index.php/Home/Index/rz
INFO: [ app_init ] --START--
INFO: Run Behavior\BuildLiteBehavior [ RunTime:0.000000s ]
INFO: [ app_init ] --END-- [ RunTime:0.000000s ]
INFO: [ app_begin ] --START--
INFO: Run Behavior\ReadHtmlCacheBehavior [ RunTime:0.000000s ]
INFO: [ app_begin ] --END-- [ RunTime:0.000000s ]
SQL: SHOW COLUMNS FROM `dt_terminal` [ RunTime:0.0010s ]
ERR: Think\Model:filed方法不存在！

[ 2018-04-12T22:31:45+08:00 ] ::1 /thinkphp_3.2.3_full/index.php/Home/Index/rz
INFO: [ app_init ] --START--
INFO: Run Behavior\BuildLiteBehavior [ RunTime:0.000000s ]
INFO: [ app_init ] --END-- [ RunTime:0.000000s ]
INFO: [ app_begin ] --START--
INFO: Run Behavior\ReadHtmlCacheBehavior [ RunTime:0.001000s ]
INFO: [ app_begin ] --END-- [ RunTime:0.001000s ]
SQL: SHOW COLUMNS FROM `dt_terminal` [ RunTime:0.0030s ]
ERR: Think\Model:filed方法不存在！

[ 2018-04-12T22:32:48+08:00 ] ::1 /thinkphp_3.2.3_full/
INFO: [ app_init ] --START--
INFO: Run Behavior\BuildLiteBehavior [ RunTime:0.000000s ]
INFO: [ app_init ] --END-- [ RunTime:0.000000s ]
INFO: [ app_begin ] --START--
INFO: Run Behavior\ReadHtmlCacheBehavior [ RunTime:0.001000s ]
INFO: [ app_begin ] --END-- [ RunTime:0.001000s ]
SQL: SHOW COLUMNS FROM `dt_package` [ RunTime:0.0000s ]
SQL: SELECT * FROM `dt_package`  [ RunTime:0.0010s ]
INFO: [ view_parse ] --START--
INFO: [ template_filter ] --START--
INFO: Run Behavior\ContentReplaceBehavior [ RunTime:0.000000s ]
INFO: [ template_filter ] --END-- [ RunTime:0.000000s ]
INFO: Run Behavior\ParseTemplateBehavior [ RunTime:0.008000s ]
INFO: [ view_parse ] --END-- [ RunTime:0.008000s ]
INFO: [ view_filter ] --START--
INFO: Run Behavior\WriteHtmlCacheBehavior [ RunTime:0.001000s ]
INFO: [ view_filter ] --END-- [ RunTime:0.001000s ]
INFO: [ app_end ] --START--
INFO: Run Behavior\ShowPageTraceBehavior [ RunTime:0.001000s ]
INFO: [ app_end ] --END-- [ RunTime:0.001000s ]

[ 2018-04-12T22:32:59+08:00 ] ::1 /thinkphp_3.2.3_full/index.php/Home/Index/rz
INFO: [ app_init ] --START--
INFO: Run Behavior\BuildLiteBehavior [ RunTime:0.000000s ]
INFO: [ app_init ] --END-- [ RunTime:0.000000s ]
INFO: [ app_begin ] --START--
INFO: Run Behavior\ReadHtmlCacheBehavior [ RunTime:0.001000s ]
INFO: [ app_begin ] --END-- [ RunTime:0.001000s ]
SQL: SHOW COLUMNS FROM `dt_terminal` [ RunTime:0.0010s ]
ERR: Think\Model:filed方法不存在！

[ 2018-04-12T22:33:14+08:00 ] ::1 /thinkphp_3.2.3_full/index.php/Home/Index/rz
INFO: [ app_init ] --START--
INFO: Run Behavior\BuildLiteBehavior [ RunTime:0.000000s ]
INFO: [ app_init ] --END-- [ RunTime:0.000000s ]
INFO: [ app_begin ] --START--
INFO: Run Behavior\ReadHtmlCacheBehavior [ RunTime:0.010000s ]
INFO: [ app_begin ] --END-- [ RunTime:0.010000s ]
SQL: SHOW COLUMNS FROM `dt_terminal` [ RunTime:0.0010s ]
ERR: Think\Model:filed方法不存在！

[ 2018-04-12T22:35:16+08:00 ] ::1 /thinkphp_3.2.3_full/
INFO: [ app_init ] --START--
INFO: Run Behavior\BuildLiteBehavior [ RunTime:0.000000s ]
INFO: [ app_init ] --END-- [ RunTime:0.000000s ]
INFO: [ app_begin ] --START--
INFO: Run Behavior\ReadHtmlCacheBehavior [ RunTime:0.001000s ]
INFO: [ app_begin ] --END-- [ RunTime:0.001000s ]
SQL: SHOW COLUMNS FROM `dt_package` [ RunTime:0.0010s ]
SQL: SELECT * FROM `dt_package`  [ RunTime:0.0010s ]
INFO: [ view_parse ] --START--
INFO: [ template_filter ] --START--
INFO: Run Behavior\ContentReplaceBehavior [ RunTime:0.000000s ]
INFO: [ template_filter ] --END-- [ RunTime:0.000000s ]
INFO: Run Behavior\ParseTemplateBehavior [ RunTime:0.007001s ]
INFO: [ view_parse ] --END-- [ RunTime:0.007001s ]
INFO: [ view_filter ] --START--
INFO: Run Behavior\WriteHtmlCacheBehavior [ RunTime:0.001000s ]
INFO: [ view_filter ] --END-- [ RunTime:0.001000s ]
INFO: [ app_end ] --START--
INFO: Run Behavior\ShowPageTraceBehavior [ RunTime:0.000000s ]
INFO: [ app_end ] --END-- [ RunTime:0.000000s ]

[ 2018-04-12T22:35:26+08:00 ] ::1 /thinkphp_3.2.3_full/index.php/Home/Index/rz
INFO: [ app_init ] --START--
INFO: Run Behavior\BuildLiteBehavior [ RunTime:0.000000s ]
INFO: [ app_init ] --END-- [ RunTime:0.000000s ]
INFO: [ app_begin ] --START--
INFO: Run Behavior\ReadHtmlCacheBehavior [ RunTime:0.000000s ]
INFO: [ app_begin ] --END-- [ RunTime:0.001001s ]
SQL: SHOW COLUMNS FROM `dt_terminal` [ RunTime:0.0010s ]
ERR: Think\Model:filed方法不存在！

[ 2018-04-12T22:35:35+08:00 ] ::1 /thinkphp_3.2.3_full/index.php/Home/Index/rz
INFO: [ app_init ] --START--
INFO: Run Behavior\BuildLiteBehavior [ RunTime:0.000000s ]
INFO: [ app_init ] --END-- [ RunTime:0.001000s ]
INFO: [ app_begin ] --START--
INFO: Run Behavior\ReadHtmlCacheBehavior [ RunTime:0.000000s ]
INFO: [ app_begin ] --END-- [ RunTime:0.000000s ]
SQL: SHOW COLUMNS FROM `dt_terminal` [ RunTime:0.0010s ]
ERR: Think\Model:filed方法不存在！

[ 2018-04-12T22:36:59+08:00 ] ::1 /thinkphp_3.2.3_full/
INFO: [ app_init ] --START--
INFO: Run Behavior\BuildLiteBehavior [ RunTime:0.000000s ]
INFO: [ app_init ] --END-- [ RunTime:0.001000s ]
INFO: [ app_begin ] --START--
INFO: Run Behavior\ReadHtmlCacheBehavior [ RunTime:0.001000s ]
INFO: [ app_begin ] --END-- [ RunTime:0.001000s ]
SQL: SHOW COLUMNS FROM `dt_package` [ RunTime:0.0010s ]
SQL: SELECT * FROM `dt_package`  [ RunTime:0.0000s ]
INFO: [ view_parse ] --START--
INFO: [ template_filter ] --START--
INFO: Run Behavior\ContentReplaceBehavior [ RunTime:0.000000s ]
INFO: [ template_filter ] --END-- [ RunTime:0.001000s ]
INFO: Run Behavior\ParseTemplateBehavior [ RunTime:0.011000s ]
INFO: [ view_parse ] --END-- [ RunTime:0.011000s ]
INFO: [ view_filter ] --START--
INFO: Run Behavior\WriteHtmlCacheBehavior [ RunTime:0.000000s ]
INFO: [ view_filter ] --END-- [ RunTime:0.000000s ]
INFO: [ app_end ] --START--
INFO: Run Behavior\ShowPageTraceBehavior [ RunTime:0.000000s ]
INFO: [ app_end ] --END-- [ RunTime:0.001001s ]

[ 2018-04-12T22:37:05+08:00 ] ::1 /thinkphp_3.2.3_full/index.php/Home/Index/rz
INFO: [ app_init ] --START--
INFO: Run Behavior\BuildLiteBehavior [ RunTime:0.000000s ]
INFO: [ app_init ] --END-- [ RunTime:0.010000s ]
INFO: [ app_begin ] --START--
INFO: Run Behavior\ReadHtmlCacheBehavior [ RunTime:0.002000s ]
INFO: [ app_begin ] --END-- [ RunTime:0.002000s ]
SQL: SHOW COLUMNS FROM `dt_terminal` [ RunTime:0.0010s ]
ERR: Think\Model:filed方法不存在！

[ 2018-04-12T22:38:08+08:00 ] ::1 /thinkphp_3.2.3_full/index.php/Home/Index/rz
INFO: [ app_init ] --START--
INFO: Run Behavior\BuildLiteBehavior [ RunTime:0.000000s ]
INFO: [ app_init ] --END-- [ RunTime:0.000000s ]
INFO: [ app_begin ] --START--
INFO: Run Behavior\ReadHtmlCacheBehavior [ RunTime:0.000000s ]
INFO: [ app_begin ] --END-- [ RunTime:0.000000s ]
SQL: SHOW COLUMNS FROM `dt_terminal` [ RunTime:0.0010s ]
ERR: Think\Model:filed方法不存在！

